#
# There is insufficient memory for the Java Runtime Environment to continue.
# Native memory allocation (malloc) failed to allocate 1081616 bytes. Error detail: Chunk::new
# Possible reasons:
#   The system is out of physical RAM or swap space
#   This process is running with CompressedOops enabled, and the Java Heap may be blocking the growth of the native heap
# Possible solutions:
#   Reduce memory load on the system
#   Increase physical memory or swap space
#   Check if swap backing store is full
#   Decrease Java heap size (-Xmx/-Xms)
#   Decrease number of Java threads
#   Decrease Java thread stack sizes (-Xss)
#   Set larger code cache with -XX:ReservedCodeCacheSize=
#   JVM is running with Zero Based Compressed Oops mode in which the Java heap is
#     placed in the first 32GB address space. The Java Heap base address is the
#     maximum limit for the native heap growth. Please use -XX:HeapBaseMinAddress
#     to set the Java Heap base and to place the Java Heap above 32GB virtual address.
# This output file may be truncated or incomplete.
#
#  Out of Memory Error (arena.cpp:149), pid=12452, tid=18600
#
# JRE version: Java(TM) SE Runtime Environment (23.0.1+11) (build 23.0.1+11-39)
# Java VM: Java HotSpot(TM) 64-Bit Server VM (23.0.1+11-39, mixed mode, sharing, tiered, compressed oops, compressed class ptrs, g1 gc, windows-amd64)
# No core dump will be written. Minidumps are not enabled by default on client versions of Windows
#

---------------  S U M M A R Y ------------

Command Line: -javaagent:C:\Program Files\JetBrains\IntelliJ IDEA 2024.2.3\lib\idea_rt.jar=50576 -Dfile.encoding=UTF-8 -Dsun.stdout.encoding=UTF-8 -Dsun.stderr.encoding=UTF-8 com.Backend.MediXBackend.MediXBackendApplication

Host: AMD Ryzen 7 6800HS with Radeon Graphics        , 16 cores, 23G,  Windows 11 , 64 bit Build 26100 (10.0.26100.4484)
Time: Sat Jul 26 21:04:20 2025 Bangladesh Standard Time elapsed time: 1.987712 seconds (0d 0h 0m 1s)

---------------  T H R E A D  ---------------

Current thread (0x00000240783ed100):  JavaThread "C2 CompilerThread0" daemon [_thread_in_native, id=18600, stack(0x000000e2a0a00000,0x000000e2a0b00000) (1024K)]


Current CompileTask:
C2:1987 2395       4       org.springframework.boot.context.config.ConfigDataEnvironmentContributor$ContributorIterator::hasNext (13 bytes)

Stack: [0x000000e2a0a00000,0x000000e2a0b00000]
Native frames: (J=compiled Java code, j=interpreted, Vv=VM code, C=native code)
V  [jvm.dll+0x6e08b9]  (no source info available)
V  [jvm.dll+0x87dc83]  (no source info available)
V  [jvm.dll+0x88010e]  (no source info available)
V  [jvm.dll+0x8807e3]  (no source info available)
V  [jvm.dll+0x27aee6]  (no source info available)
V  [jvm.dll+0xbc06f]  (no source info available)
V  [jvm.dll+0xbc2cb]  (no source info available)
V  [jvm.dll+0x3b3a62]  (no source info available)
V  [jvm.dll+0x38a42b]  (no source info available)
V  [jvm.dll+0x38989a]  (no source info available)
V  [jvm.dll+0x244aa1]  (no source info available)
V  [jvm.dll+0x243dff]  (no source info available)
V  [jvm.dll+0x1c33a0]  (no source info available)
V  [jvm.dll+0x253cf1]  (no source info available)
V  [jvm.dll+0x251faa]  (no source info available)
V  [jvm.dll+0x3ee036]  (no source info available)
V  [jvm.dll+0x824f8b]  (no source info available)
V  [jvm.dll+0x6df065]  (no source info available)
C  [ucrtbase.dll+0x37b0]  (no source info available)
C  [KERNEL32.DLL+0x2e8d7]  (no source info available)
C  [ntdll.dll+0x3c34c]  (no source info available)

Lock stack of current Java thread (top to bottom):


---------------  P R O C E S S  ---------------

Threads class SMR info:
_java_thread_list=0x0000024046423cd0, length=18, elements={
0x00000240547b85d0, 0x00000240783d8530, 0x00000240783d8ba0, 0x00000240783d9b50,
0x00000240783dc1d0, 0x00000240783e0980, 0x00000240783e9000, 0x00000240783ed100,
0x00000240450270b0, 0x000002404512ff80, 0x0000024045026310, 0x00000240450269e0,
0x0000024045027780, 0x0000024045024100, 0x0000024045476940, 0x00000240454771e0,
0x0000024046337fa0, 0x00000240466af5b0
}

Java Threads: ( => current thread )
  0x00000240547b85d0 JavaThread "main"                              [_thread_in_Java, id=16940, stack(0x000000e29fc00000,0x000000e29fd00000) (1024K)]
  0x00000240783d8530 JavaThread "Reference Handler"          daemon [_thread_blocked, id=12148, stack(0x000000e2a0400000,0x000000e2a0500000) (1024K)]
  0x00000240783d8ba0 JavaThread "Finalizer"                  daemon [_thread_blocked, id=6428, stack(0x000000e2a0500000,0x000000e2a0600000) (1024K)]
  0x00000240783d9b50 JavaThread "Signal Dispatcher"          daemon [_thread_blocked, id=21588, stack(0x000000e2a0600000,0x000000e2a0700000) (1024K)]
  0x00000240783dc1d0 JavaThread "Attach Listener"            daemon [_thread_blocked, id=21624, stack(0x000000e2a0700000,0x000000e2a0800000) (1024K)]
  0x00000240783e0980 JavaThread "Service Thread"             daemon [_thread_blocked, id=13148, stack(0x000000e2a0800000,0x000000e2a0900000) (1024K)]
  0x00000240783e9000 JavaThread "Monitor Deflation Thread"   daemon [_thread_blocked, id=23404, stack(0x000000e2a0900000,0x000000e2a0a00000) (1024K)]
=>0x00000240783ed100 JavaThread "C2 CompilerThread0"         daemon [_thread_in_native, id=18600, stack(0x000000e2a0a00000,0x000000e2a0b00000) (1024K)]
  0x00000240450270b0 JavaThread "C1 CompilerThread0"         daemon [_thread_in_vm, id=19616, stack(0x000000e2a0b00000,0x000000e2a0c00000) (1024K)]
  0x000002404512ff80 JavaThread "Common-Cleaner"             daemon [_thread_blocked, id=13468, stack(0x000000e2a0c00000,0x000000e2a0d00000) (1024K)]
  0x0000024045026310 JavaThread "C1 CompilerThread1"         daemon [_thread_in_vm, id=16104, stack(0x000000e2a0d00000,0x000000e2a0e00000) (1024K)]
  0x00000240450269e0 JavaThread "C1 CompilerThread2"         daemon [_thread_in_native, id=15300, stack(0x000000e2a0e00000,0x000000e2a0f00000) (1024K)]
  0x0000024045027780 JavaThread "C2 CompilerThread1"         daemon [_thread_in_native, id=21392, stack(0x000000e2a0f00000,0x000000e2a1000000) (1024K)]
  0x0000024045024100 JavaThread "C2 CompilerThread2"         daemon [_thread_in_native, id=948, stack(0x000000e2a1000000,0x000000e2a1100000) (1024K)]
  0x0000024045476940 JavaThread "Monitor Ctrl-Break"         daemon [_thread_in_native, id=23708, stack(0x000000e2a1200000,0x000000e2a1300000) (1024K)]
  0x00000240454771e0 JavaThread "Notification Thread"        daemon [_thread_blocked, id=13768, stack(0x000000e2a1300000,0x000000e2a1400000) (1024K)]
  0x0000024046337fa0 JavaThread "RMI TCP Accept-0"           daemon [_thread_in_native, id=6868, stack(0x000000e2a2000000,0x000000e2a2100000) (1024K)]
  0x00000240466af5b0 JavaThread "RMI TCP Connection(1)-192.168.68.101" daemon [_thread_in_native, id=15704, stack(0x000000e2a2100000,0x000000e2a2200000) (1024K)]
Total: 18

Other Threads:
  0x00000240783bfe70 VMThread "VM Thread"                           [id=15168, stack(0x000000e2a0300000,0x000000e2a0400000) (1024K)]
  0x00000240783adf60 WatcherThread "VM Periodic Task Thread"        [id=17724, stack(0x000000e2a0200000,0x000000e2a0300000) (1024K)]
  0x0000024056bea060 WorkerThread "GC Thread#0"                     [id=22816, stack(0x000000e29fd00000,0x000000e29fe00000) (1024K)]
  0x000002404650bc00 WorkerThread "GC Thread#1"                     [id=16964, stack(0x000000e2a1600000,0x000000e2a1700000) (1024K)]
  0x0000024046302180 WorkerThread "GC Thread#2"                     [id=14964, stack(0x000000e2a1700000,0x000000e2a1800000) (1024K)]
  0x0000024046304540 WorkerThread "GC Thread#3"                     [id=23112, stack(0x000000e2a1800000,0x000000e2a1900000) (1024K)]
  0x0000024046306370 WorkerThread "GC Thread#4"                     [id=468, stack(0x000000e2a1900000,0x000000e2a1a00000) (1024K)]
  0x0000024046306720 WorkerThread "GC Thread#5"                     [id=13736, stack(0x000000e2a1a00000,0x000000e2a1b00000) (1024K)]
  0x0000024046304d50 WorkerThread "GC Thread#6"                     [id=9976, stack(0x000000e2a1b00000,0x000000e2a1c00000) (1024K)]
  0x0000024046305100 WorkerThread "GC Thread#7"                     [id=6804, stack(0x000000e2a1c00000,0x000000e2a1d00000) (1024K)]
  0x0000024046305860 WorkerThread "GC Thread#8"                     [id=17816, stack(0x000000e2a1d00000,0x000000e2a1e00000) (1024K)]
  0x00000240463054b0 WorkerThread "GC Thread#9"                     [id=12568, stack(0x000000e2a1e00000,0x000000e2a1f00000) (1024K)]
  0x0000024046305c10 WorkerThread "GC Thread#10"                    [id=3048, stack(0x000000e2a1f00000,0x000000e2a2000000) (1024K)]
  0x000002404676f8a0 WorkerThread "GC Thread#11"                    [id=7044, stack(0x000000e2a1100000,0x000000e2a1200000) (1024K)]
  0x000002404676d3c0 WorkerThread "GC Thread#12"                    [id=7196, stack(0x000000e2a1500000,0x000000e2a1600000) (1024K)]
  0x0000024056bf99d0 ConcurrentGCThread "G1 Main Marker"            [id=22820, stack(0x000000e29fe00000,0x000000e29ff00000) (1024K)]
  0x0000024056bfc210 WorkerThread "G1 Conc#0"                       [id=22848, stack(0x000000e29ff00000,0x000000e2a0000000) (1024K)]
  0x0000024078284b90 ConcurrentGCThread "G1 Refine#0"               [id=10016, stack(0x000000e2a0000000,0x000000e2a0100000) (1024K)]
  0x00000240782850d0 ConcurrentGCThread "G1 Service"                [id=10460, stack(0x000000e2a0100000,0x000000e2a0200000) (1024K)]
Total: 19

Threads with active compile tasks:
C2 CompilerThread0  5052 2395       4       org.springframework.boot.context.config.ConfigDataEnvironmentContributor$ContributorIterator::hasNext (13 bytes)
C2 CompilerThread1  5052 2551       4       java.lang.invoke.MethodType::makeImpl (109 bytes)
C2 CompilerThread2  5052 2542       4       jdk.internal.loader.URLClassPath::getResource (74 bytes)
Total: 3

VM state: not at safepoint (normal execution)

VM Mutex/Monitor currently owned by a thread: None

Heap address: 0x000000068c000000, size: 5952 MB, Compressed Oops mode: Zero based, Oop shift amount: 3

CDS archive(s) mapped at: [0x0000024000000000-0x0000024000d70000-0x0000024000d70000), size 14090240, SharedBaseAddress: 0x0000024000000000, ArchiveRelocationMode: 1.
Compressed class space mapped at: 0x0000024001000000-0x0000024041000000, reserved size: 1073741824
Narrow klass base: 0x0000024000000000, Narrow klass shift: 0, Narrow klass range: 0x41000000

GC Precious Log:
 CardTable entry size: 512
 Card Set container configuration: InlinePtr #cards 4 size 8 Array Of Cards #cards 32 size 80 Howl #buckets 8 coarsen threshold 7372 Howl Bitmap #cards 1024 size 144 coarsen threshold 921 Card regions per heap region 1 cards per card region 8192
 CPUs: 16 total, 16 available
 Memory: 23800M
 Large Page Support: Disabled
 NUMA Support: Disabled
 Compressed Oops: Enabled (Zero based)
 Heap Region Size: 4M
 Heap Min Capacity: 8M
 Heap Initial Capacity: 372M
 Heap Max Capacity: 5952M
 Pre-touch: Disabled
 Parallel Workers: 13
 Concurrent Workers: 3
 Concurrent Refinement Workers: 13
 Periodic GC: Disabled

Heap:
 garbage-first heap   total reserved 6094848K, committed 380928K, used 13562K [0x000000068c000000, 0x0000000800000000)
  region size 4096K, 2 young (8192K), 1 survivors (4096K)
 Metaspace       used 12755K, committed 13120K, reserved 1114112K
  class space    used 1582K, committed 1792K, reserved 1048576K

Heap Regions: E=young(eden), S=young(survivor), O=old, HS=humongous(starts), HC=humongous(continues), CS=collection set, F=free, TAMS=top-at-mark-start, PB=parsable bottom
|   0|0x000000068c000000, 0x000000068c400000, 0x000000068c400000|100%| O|  |TAMS 0x000000068c000000| PB 0x000000068c000000| Untracked |  0
|   1|0x000000068c400000, 0x000000068c7cfba0, 0x000000068c800000| 95%| O|  |TAMS 0x000000068c400000| PB 0x000000068c400000| Untracked |  0
|   2|0x000000068c800000, 0x000000068c800000, 0x000000068cc00000|  0%| F|  |TAMS 0x000000068c800000| PB 0x000000068c800000| Untracked |  0
|   3|0x000000068cc00000, 0x000000068cc00000, 0x000000068d000000|  0%| F|  |TAMS 0x000000068cc00000| PB 0x000000068cc00000| Untracked |  0
|   4|0x000000068d000000, 0x000000068d000000, 0x000000068d400000|  0%| F|  |TAMS 0x000000068d000000| PB 0x000000068d000000| Untracked |  0
|   5|0x000000068d400000, 0x000000068d400000, 0x000000068d800000|  0%| F|  |TAMS 0x000000068d400000| PB 0x000000068d400000| Untracked |  0
|   6|0x000000068d800000, 0x000000068d800000, 0x000000068dc00000|  0%| F|  |TAMS 0x000000068d800000| PB 0x000000068d800000| Untracked |  0
|   7|0x000000068dc00000, 0x000000068dc00000, 0x000000068e000000|  0%| F|  |TAMS 0x000000068dc00000| PB 0x000000068dc00000| Untracked |  0
|   8|0x000000068e000000, 0x000000068e000000, 0x000000068e400000|  0%| F|  |TAMS 0x000000068e000000| PB 0x000000068e000000| Untracked |  0
|   9|0x000000068e400000, 0x000000068e400000, 0x000000068e800000|  0%| F|  |TAMS 0x000000068e400000| PB 0x000000068e400000| Untracked |  0
|  10|0x000000068e800000, 0x000000068e800000, 0x000000068ec00000|  0%| F|  |TAMS 0x000000068e800000| PB 0x000000068e800000| Untracked |  0
|  11|0x000000068ec00000, 0x000000068ec00000, 0x000000068f000000|  0%| F|  |TAMS 0x000000068ec00000| PB 0x000000068ec00000| Untracked |  0
|  12|0x000000068f000000, 0x000000068f000000, 0x000000068f400000|  0%| F|  |TAMS 0x000000068f000000| PB 0x000000068f000000| Untracked |  0
|  13|0x000000068f400000, 0x000000068f400000, 0x000000068f800000|  0%| F|  |TAMS 0x000000068f400000| PB 0x000000068f400000| Untracked |  0
|  14|0x000000068f800000, 0x000000068f800000, 0x000000068fc00000|  0%| F|  |TAMS 0x000000068f800000| PB 0x000000068f800000| Untracked |  0
|  15|0x000000068fc00000, 0x000000068fc00000, 0x0000000690000000|  0%| F|  |TAMS 0x000000068fc00000| PB 0x000000068fc00000| Untracked |  0
|  16|0x0000000690000000, 0x0000000690000000, 0x0000000690400000|  0%| F|  |TAMS 0x0000000690000000| PB 0x0000000690000000| Untracked |  0
|  17|0x0000000690400000, 0x0000000690400000, 0x0000000690800000|  0%| F|  |TAMS 0x0000000690400000| PB 0x0000000690400000| Untracked |  0
|  18|0x0000000690800000, 0x0000000690800000, 0x0000000690c00000|  0%| F|  |TAMS 0x0000000690800000| PB 0x0000000690800000| Untracked |  0
|  19|0x0000000690c00000, 0x0000000690c00000, 0x0000000691000000|  0%| F|  |TAMS 0x0000000690c00000| PB 0x0000000690c00000| Untracked |  0
|  20|0x0000000691000000, 0x0000000691000000, 0x0000000691400000|  0%| F|  |TAMS 0x0000000691000000| PB 0x0000000691000000| Untracked |  0
|  21|0x0000000691400000, 0x0000000691400000, 0x0000000691800000|  0%| F|  |TAMS 0x0000000691400000| PB 0x0000000691400000| Untracked |  0
|  22|0x0000000691800000, 0x0000000691800000, 0x0000000691c00000|  0%| F|  |TAMS 0x0000000691800000| PB 0x0000000691800000| Untracked |  0
|  23|0x0000000691c00000, 0x0000000691c00000, 0x0000000692000000|  0%| F|  |TAMS 0x0000000691c00000| PB 0x0000000691c00000| Untracked |  0
|  24|0x0000000692000000, 0x0000000692000000, 0x0000000692400000|  0%| F|  |TAMS 0x0000000692000000| PB 0x0000000692000000| Untracked |  0
|  25|0x0000000692400000, 0x0000000692400000, 0x0000000692800000|  0%| F|  |TAMS 0x0000000692400000| PB 0x0000000692400000| Untracked |  0
|  26|0x0000000692800000, 0x0000000692800000, 0x0000000692c00000|  0%| F|  |TAMS 0x0000000692800000| PB 0x0000000692800000| Untracked |  0
|  27|0x0000000692c00000, 0x0000000692c00000, 0x0000000693000000|  0%| F|  |TAMS 0x0000000692c00000| PB 0x0000000692c00000| Untracked |  0
|  28|0x0000000693000000, 0x0000000693000000, 0x0000000693400000|  0%| F|  |TAMS 0x0000000693000000| PB 0x0000000693000000| Untracked |  0
|  29|0x0000000693400000, 0x0000000693400000, 0x0000000693800000|  0%| F|  |TAMS 0x0000000693400000| PB 0x0000000693400000| Untracked |  0
|  30|0x0000000693800000, 0x0000000693800000, 0x0000000693c00000|  0%| F|  |TAMS 0x0000000693800000| PB 0x0000000693800000| Untracked |  0
|  31|0x0000000693c00000, 0x0000000693c00000, 0x0000000694000000|  0%| F|  |TAMS 0x0000000693c00000| PB 0x0000000693c00000| Untracked |  0
|  32|0x0000000694000000, 0x0000000694000000, 0x0000000694400000|  0%| F|  |TAMS 0x0000000694000000| PB 0x0000000694000000| Untracked |  0
|  33|0x0000000694400000, 0x0000000694400000, 0x0000000694800000|  0%| F|  |TAMS 0x0000000694400000| PB 0x0000000694400000| Untracked |  0
|  34|0x0000000694800000, 0x0000000694800000, 0x0000000694c00000|  0%| F|  |TAMS 0x0000000694800000| PB 0x0000000694800000| Untracked |  0
|  35|0x0000000694c00000, 0x0000000694c00000, 0x0000000695000000|  0%| F|  |TAMS 0x0000000694c00000| PB 0x0000000694c00000| Untracked |  0
|  36|0x0000000695000000, 0x0000000695000000, 0x0000000695400000|  0%| F|  |TAMS 0x0000000695000000| PB 0x0000000695000000| Untracked |  0
|  37|0x0000000695400000, 0x0000000695400000, 0x0000000695800000|  0%| F|  |TAMS 0x0000000695400000| PB 0x0000000695400000| Untracked |  0
|  38|0x0000000695800000, 0x0000000695800000, 0x0000000695c00000|  0%| F|  |TAMS 0x0000000695800000| PB 0x0000000695800000| Untracked |  0
|  39|0x0000000695c00000, 0x0000000695c00000, 0x0000000696000000|  0%| F|  |TAMS 0x0000000695c00000| PB 0x0000000695c00000| Untracked |  0
|  40|0x0000000696000000, 0x0000000696000000, 0x0000000696400000|  0%| F|  |TAMS 0x0000000696000000| PB 0x0000000696000000| Untracked |  0
|  41|0x0000000696400000, 0x0000000696400000, 0x0000000696800000|  0%| F|  |TAMS 0x0000000696400000| PB 0x0000000696400000| Untracked |  0
|  42|0x0000000696800000, 0x0000000696800000, 0x0000000696c00000|  0%| F|  |TAMS 0x0000000696800000| PB 0x0000000696800000| Untracked |  0
|  43|0x0000000696c00000, 0x0000000696c00000, 0x0000000697000000|  0%| F|  |TAMS 0x0000000696c00000| PB 0x0000000696c00000| Untracked |  0
|  44|0x0000000697000000, 0x0000000697000000, 0x0000000697400000|  0%| F|  |TAMS 0x0000000697000000| PB 0x0000000697000000| Untracked |  0
|  45|0x0000000697400000, 0x0000000697400000, 0x0000000697800000|  0%| F|  |TAMS 0x0000000697400000| PB 0x0000000697400000| Untracked |  0
|  46|0x0000000697800000, 0x0000000697800000, 0x0000000697c00000|  0%| F|  |TAMS 0x0000000697800000| PB 0x0000000697800000| Untracked |  0
|  47|0x0000000697c00000, 0x0000000697c00000, 0x0000000698000000|  0%| F|  |TAMS 0x0000000697c00000| PB 0x0000000697c00000| Untracked |  0
|  48|0x0000000698000000, 0x0000000698000000, 0x0000000698400000|  0%| F|  |TAMS 0x0000000698000000| PB 0x0000000698000000| Untracked |  0
|  49|0x0000000698400000, 0x0000000698400000, 0x0000000698800000|  0%| F|  |TAMS 0x0000000698400000| PB 0x0000000698400000| Untracked |  0
|  50|0x0000000698800000, 0x0000000698800000, 0x0000000698c00000|  0%| F|  |TAMS 0x0000000698800000| PB 0x0000000698800000| Untracked |  0
|  51|0x0000000698c00000, 0x0000000698c00000, 0x0000000699000000|  0%| F|  |TAMS 0x0000000698c00000| PB 0x0000000698c00000| Untracked |  0
|  52|0x0000000699000000, 0x0000000699000000, 0x0000000699400000|  0%| F|  |TAMS 0x0000000699000000| PB 0x0000000699000000| Untracked |  0
|  53|0x0000000699400000, 0x0000000699400000, 0x0000000699800000|  0%| F|  |TAMS 0x0000000699400000| PB 0x0000000699400000| Untracked |  0
|  54|0x0000000699800000, 0x0000000699800000, 0x0000000699c00000|  0%| F|  |TAMS 0x0000000699800000| PB 0x0000000699800000| Untracked |  0
|  55|0x0000000699c00000, 0x0000000699c00000, 0x000000069a000000|  0%| F|  |TAMS 0x0000000699c00000| PB 0x0000000699c00000| Untracked |  0
|  56|0x000000069a000000, 0x000000069a000000, 0x000000069a400000|  0%| F|  |TAMS 0x000000069a000000| PB 0x000000069a000000| Untracked |  0
|  57|0x000000069a400000, 0x000000069a400000, 0x000000069a800000|  0%| F|  |TAMS 0x000000069a400000| PB 0x000000069a400000| Untracked |  0
|  58|0x000000069a800000, 0x000000069a800000, 0x000000069ac00000|  0%| F|  |TAMS 0x000000069a800000| PB 0x000000069a800000| Untracked |  0
|  59|0x000000069ac00000, 0x000000069ac00000, 0x000000069b000000|  0%| F|  |TAMS 0x000000069ac00000| PB 0x000000069ac00000| Untracked |  0
|  60|0x000000069b000000, 0x000000069b000000, 0x000000069b400000|  0%| F|  |TAMS 0x000000069b000000| PB 0x000000069b000000| Untracked |  0
|  61|0x000000069b400000, 0x000000069b400000, 0x000000069b800000|  0%| F|  |TAMS 0x000000069b400000| PB 0x000000069b400000| Untracked |  0
|  62|0x000000069b800000, 0x000000069b800000, 0x000000069bc00000|  0%| F|  |TAMS 0x000000069b800000| PB 0x000000069b800000| Untracked |  0
|  63|0x000000069bc00000, 0x000000069bc00000, 0x000000069c000000|  0%| F|  |TAMS 0x000000069bc00000| PB 0x000000069bc00000| Untracked |  0
|  64|0x000000069c000000, 0x000000069c000000, 0x000000069c400000|  0%| F|  |TAMS 0x000000069c000000| PB 0x000000069c000000| Untracked |  0
|  65|0x000000069c400000, 0x000000069c400000, 0x000000069c800000|  0%| F|  |TAMS 0x000000069c400000| PB 0x000000069c400000| Untracked |  0
|  66|0x000000069c800000, 0x000000069c800000, 0x000000069cc00000|  0%| F|  |TAMS 0x000000069c800000| PB 0x000000069c800000| Untracked |  0
|  67|0x000000069cc00000, 0x000000069cc00000, 0x000000069d000000|  0%| F|  |TAMS 0x000000069cc00000| PB 0x000000069cc00000| Untracked |  0
|  68|0x000000069d000000, 0x000000069d000000, 0x000000069d400000|  0%| F|  |TAMS 0x000000069d000000| PB 0x000000069d000000| Untracked |  0
|  69|0x000000069d400000, 0x000000069d400000, 0x000000069d800000|  0%| F|  |TAMS 0x000000069d400000| PB 0x000000069d400000| Untracked |  0
|  70|0x000000069d800000, 0x000000069d800000, 0x000000069dc00000|  0%| F|  |TAMS 0x000000069d800000| PB 0x000000069d800000| Untracked |  0
|  71|0x000000069dc00000, 0x000000069dc00000, 0x000000069e000000|  0%| F|  |TAMS 0x000000069dc00000| PB 0x000000069dc00000| Untracked |  0
|  72|0x000000069e000000, 0x000000069e000000, 0x000000069e400000|  0%| F|  |TAMS 0x000000069e000000| PB 0x000000069e000000| Untracked |  0
|  73|0x000000069e400000, 0x000000069e400000, 0x000000069e800000|  0%| F|  |TAMS 0x000000069e400000| PB 0x000000069e400000| Untracked |  0
|  74|0x000000069e800000, 0x000000069e800000, 0x000000069ec00000|  0%| F|  |TAMS 0x000000069e800000| PB 0x000000069e800000| Untracked |  0
|  75|0x000000069ec00000, 0x000000069ec00000, 0x000000069f000000|  0%| F|  |TAMS 0x000000069ec00000| PB 0x000000069ec00000| Untracked |  0
|  76|0x000000069f000000, 0x000000069f000000, 0x000000069f400000|  0%| F|  |TAMS 0x000000069f000000| PB 0x000000069f000000| Untracked |  0
|  77|0x000000069f400000, 0x000000069f400000, 0x000000069f800000|  0%| F|  |TAMS 0x000000069f400000| PB 0x000000069f400000| Untracked |  0
|  78|0x000000069f800000, 0x000000069f800000, 0x000000069fc00000|  0%| F|  |TAMS 0x000000069f800000| PB 0x000000069f800000| Untracked |  0
|  79|0x000000069fc00000, 0x000000069fc00000, 0x00000006a0000000|  0%| F|  |TAMS 0x000000069fc00000| PB 0x000000069fc00000| Untracked |  0
|  80|0x00000006a0000000, 0x00000006a0000000, 0x00000006a0400000|  0%| F|  |TAMS 0x00000006a0000000| PB 0x00000006a0000000| Untracked |  0
|  81|0x00000006a0400000, 0x00000006a0400000, 0x00000006a0800000|  0%| F|  |TAMS 0x00000006a0400000| PB 0x00000006a0400000| Untracked |  0
|  82|0x00000006a0800000, 0x00000006a0800000, 0x00000006a0c00000|  0%| F|  |TAMS 0x00000006a0800000| PB 0x00000006a0800000| Untracked |  0
|  83|0x00000006a0c00000, 0x00000006a0c00000, 0x00000006a1000000|  0%| F|  |TAMS 0x00000006a0c00000| PB 0x00000006a0c00000| Untracked |  0
|  84|0x00000006a1000000, 0x00000006a1000000, 0x00000006a1400000|  0%| F|  |TAMS 0x00000006a1000000| PB 0x00000006a1000000| Untracked |  0
|  85|0x00000006a1400000, 0x00000006a1400000, 0x00000006a1800000|  0%| F|  |TAMS 0x00000006a1400000| PB 0x00000006a1400000| Untracked |  0
|  86|0x00000006a1800000, 0x00000006a1800000, 0x00000006a1c00000|  0%| F|  |TAMS 0x00000006a1800000| PB 0x00000006a1800000| Untracked |  0
|  87|0x00000006a1c00000, 0x00000006a1c00000, 0x00000006a2000000|  0%| F|  |TAMS 0x00000006a1c00000| PB 0x00000006a1c00000| Untracked |  0
|  88|0x00000006a2000000, 0x00000006a216ef90, 0x00000006a2400000| 35%| S|CS|TAMS 0x00000006a2000000| PB 0x00000006a2000000| Complete |  0
|  89|0x00000006a2400000, 0x00000006a2800000, 0x00000006a2800000|100%| O|Cr|TAMS 0x00000006a2400000| PB 0x00000006a2400000| Complete |  0
|  90|0x00000006a2800000, 0x00000006a2800000, 0x00000006a2c00000|  0%| F|  |TAMS 0x00000006a2800000| PB 0x00000006a2800000| Untracked |  0
|  91|0x00000006a2c00000, 0x00000006a2c00000, 0x00000006a3000000|  0%| F|  |TAMS 0x00000006a2c00000| PB 0x00000006a2c00000| Untracked |  0
|  92|0x00000006a3000000, 0x00000006a3297258, 0x00000006a3400000| 64%| E|  |TAMS 0x00000006a3000000| PB 0x00000006a3000000| Complete |  0

Card table byte_map: [0x000002406f7b0000,0x0000024070350000] _byte_map_base: 0x000002406c350000

Marking Bits: (CMBitMap*) 0x0000024056bea770
 Bits: [0x0000024070350000, 0x0000024076050000)

Polling page: 0x0000024054b10000

Metaspace:

Usage:
  Non-class:     10.91 MB used.
      Class:      1.54 MB used.
       Both:     12.46 MB used.

Virtual space:
  Non-class space:       64.00 MB reserved,      11.06 MB ( 17%) committed,  1 nodes.
      Class space:        1.00 GB reserved,       1.75 MB ( <1%) committed,  1 nodes.
             Both:        1.06 GB reserved,      12.81 MB (  1%) committed. 

Chunk freelists:
   Non-Class:  4.89 MB
       Class:  14.23 MB
        Both:  19.12 MB

MaxMetaspaceSize: unlimited
CompressedClassSpaceSize: 1.00 GB
Initial GC threshold: 21.00 MB
Current GC threshold: 21.00 MB
CDS: on
 - commit_granule_bytes: 65536.
 - commit_granule_words: 8192.
 - virtual_space_node_default_size: 8388608.
 - enlarge_chunks_in_place: 1.
 - use_allocation_guard: 0.


Internal statistics:

num_allocs_failed_limit: 0.
num_arena_births: 366.
num_arena_deaths: 0.
num_vsnodes_births: 2.
num_vsnodes_deaths: 0.
num_space_committed: 205.
num_space_uncommitted: 0.
num_chunks_returned_to_freelist: 0.
num_chunks_taken_from_freelist: 738.
num_chunk_merges: 0.
num_chunk_splits: 409.
num_chunks_enlarged: 203.
num_inconsistent_stats: 0.

CodeHeap 'non-profiled nmethods': size=119232Kb used=699Kb max_used=699Kb free=118532Kb
 bounds [0x0000024066e10000, 0x0000024067080000, 0x000002406e280000]
CodeHeap 'profiled nmethods': size=119104Kb used=3655Kb max_used=3655Kb free=115448Kb
 bounds [0x000002405f280000, 0x000002405f620000, 0x00000240666d0000]
CodeHeap 'non-nmethods': size=7424Kb used=2557Kb max_used=3148Kb free=4866Kb
 bounds [0x00000240666d0000, 0x00000240669f0000, 0x0000024066e10000]
CodeCache: size=245760Kb, used=6911Kb, max_used=7502Kb, free=238846Kb
 total_blobs=3089, nmethods=2560, adapters=432, full_count=0
Compilation: enabled, stopped_count=0, restarted_count=0

Compilation events (20 events):
Event: 0.972 Thread 0x00000240450247d0 2495       3       java.lang.ProcessEnvironment::containsKey (9 bytes)
Event: 0.972 Thread 0x00000240450269e0 nmethod 2485 0x000002405f5f7308 code [0x000002405f5f74e0, 0x000002405f5f83a8]
Event: 0.972 Thread 0x00000240450270b0 nmethod 2494 0x000002405f5f8408 code [0x000002405f5f8520, 0x000002405f5f8700]
Event: 0.972 Thread 0x00000240450247d0 nmethod 2495 0x000002405f5f8788 code [0x000002405f5f88e0, 0x000002405f5f8cf8]
Event: 0.972 Thread 0x0000024045026310 nmethod 2491 0x000002405f5f8d88 code [0x000002405f5f8f60, 0x000002405f5f9928]
Event: 0.972 Thread 0x0000024045025c40 nmethod 2486 0x0000024066eb5808 code [0x0000024066eb5900, 0x0000024066eb59a8]
Event: 0.972 Thread 0x0000024045025c40 2496       4       java.util.stream.AbstractSpinedBuffer::count (31 bytes)
Event: 0.973 Thread 0x0000024045025570 nmethod 2490 0x0000024066eb5b08 code [0x0000024066eb5c00, 0x0000024066eb5cf0]
Event: 0.973 Thread 0x0000024045025570 2493       4       java.util.HashMap::get (19 bytes)
Event: 0.973 Thread 0x0000024045025c40 nmethod 2496 0x0000024066eb5e08 code [0x0000024066eb5f00, 0x0000024066eb5fd0]
Event: 0.978 Thread 0x0000024045025570 nmethod 2493 0x0000024066eb6108 code [0x0000024066eb6260, 0x0000024066eb65e0]
Event: 0.981 Thread 0x0000024045024100 nmethod 2492 0x0000024066eb6c88 code [0x0000024066eb6e00, 0x0000024066eb7710]
Event: 0.981 Thread 0x0000024045026310 2499       3       java.util.Arrays::copyOfRange (90 bytes)
Event: 0.981 Thread 0x00000240450247d0 2500       1       java.lang.invoke.ClassSpecializer$SpeciesData::getterFunctions (5 bytes)
Event: 0.981 Thread 0x00000240450247d0 nmethod 2500 0x0000024066eb7788 code [0x0000024066eb78a0, 0x0000024066eb7970]
Event: 0.982 Thread 0x0000024045026310 nmethod 2499 0x000002405f5f9a08 code [0x000002405f5f9c20, 0x000002405f5fa8f0]
Event: 0.983 Thread 0x00000240450270b0 2504       3       java.lang.invoke.LambdaForm::methodType (48 bytes)
Event: 0.983 Thread 0x00000240450247d0 2505       3       java.lang.invoke.MemberName::getFactory (4 bytes)
Event: 0.983 Thread 0x00000240450247d0 nmethod 2505 0x000002405f5fa988 code [0x000002405f5faaa0, 0x000002405f5fab98]
Event: 0.983 Thread 0x00000240450270b0 nmethod 2504 0x000002405f5fac88 code [0x000002405f5fae00, 0x000002405f5fb3d8]

GC Heap History (2 events):
Event: 0.663 GC heap before
{Heap before GC invocations=0 (full 0):
 garbage-first heap   total reserved 6094848K, committed 380928K, used 20480K [0x000000068c000000, 0x0000000800000000)
  region size 4096K, 6 young (24576K), 0 survivors (0K)
 Metaspace       used 7674K, committed 7936K, reserved 1114112K
  class space    used 870K, committed 1024K, reserved 1048576K
}
Event: 0.671 GC heap after
{Heap after GC invocations=1 (full 0):
 garbage-first heap   total reserved 6094848K, committed 380928K, used 8083K [0x000000068c000000, 0x0000000800000000)
  region size 4096K, 1 young (4096K), 1 survivors (4096K)
 Metaspace       used 7674K, committed 7936K, reserved 1114112K
  class space    used 870K, committed 1024K, reserved 1048576K
}

Dll operation events (11 events):
Event: 0.011 Loaded shared library C:\Program Files\Java\jdk-23\bin\java.dll
Event: 0.035 Loaded shared library C:\Program Files\Java\jdk-23\bin\jsvml.dll
Event: 0.093 Loaded shared library C:\Program Files\Java\jdk-23\bin\zip.dll
Event: 0.097 Loaded shared library C:\Program Files\Java\jdk-23\bin\instrument.dll
Event: 0.101 Loaded shared library C:\Program Files\Java\jdk-23\bin\net.dll
Event: 0.103 Loaded shared library C:\Program Files\Java\jdk-23\bin\nio.dll
Event: 0.105 Loaded shared library C:\Program Files\Java\jdk-23\bin\zip.dll
Event: 0.177 Loaded shared library C:\Program Files\Java\jdk-23\bin\jimage.dll
Event: 0.193 Loaded shared library C:\Program Files\Java\jdk-23\bin\extnet.dll
Event: 0.240 Loaded shared library C:\Program Files\Java\jdk-23\bin\management.dll
Event: 0.253 Loaded shared library C:\Program Files\Java\jdk-23\bin\management_ext.dll

Deoptimization events (20 events):
Event: 0.877 Thread 0x00000240547b85d0 Uncommon trap: trap_request=0xffffffbe fr.pc=0x0000024066e7ecc4 relative=0x0000000000000d24
Event: 0.877 Thread 0x00000240547b85d0 Uncommon trap: reason=profile_predicate action=maybe_recompile pc=0x0000024066e7ecc4 method=java.util.TreeMap.put(Ljava/lang/Object;Ljava/lang/Object;Z)Ljava/lang/Object; @ 27 c2
Event: 0.877 Thread 0x00000240547b85d0 DEOPT PACKING pc=0x0000024066e7ecc4 sp=0x000000e29fcfd190
Event: 0.877 Thread 0x00000240547b85d0 DEOPT UNPACKING pc=0x0000024066724402 sp=0x000000e29fcfd0f8 mode 2
Event: 0.880 Thread 0x00000240547b85d0 Uncommon trap: trap_request=0xffffff6e fr.pc=0x0000024066e62454 relative=0x0000000000000434
Event: 0.880 Thread 0x00000240547b85d0 Uncommon trap: reason=loop_limit_check action=maybe_recompile pc=0x0000024066e62454 method=java.lang.StringLatin1.indexOf([BI[BII)I @ 37 c2
Event: 0.880 Thread 0x00000240547b85d0 DEOPT PACKING pc=0x0000024066e62454 sp=0x000000e29fcfe280
Event: 0.880 Thread 0x00000240547b85d0 DEOPT UNPACKING pc=0x0000024066724402 sp=0x000000e29fcfe1e0 mode 2
Event: 0.915 Thread 0x00000240547b85d0 Uncommon trap: trap_request=0xffffffde fr.pc=0x0000024066e956fc relative=0x0000000000000abc
Event: 0.915 Thread 0x00000240547b85d0 Uncommon trap: reason=class_check action=maybe_recompile pc=0x0000024066e956fc method=java.util.HashMap.putVal(ILjava/lang/Object;Ljava/lang/Object;ZZ)Ljava/lang/Object; @ 203 c2
Event: 0.915 Thread 0x00000240547b85d0 DEOPT PACKING pc=0x0000024066e956fc sp=0x000000e29fcfe210
Event: 0.915 Thread 0x00000240547b85d0 DEOPT UNPACKING pc=0x0000024066724402 sp=0x000000e29fcfe130 mode 2
Event: 0.983 Thread 0x00000240547b85d0 Uncommon trap: trap_request=0xffffffbe fr.pc=0x0000024066e7ecc4 relative=0x0000000000000d24
Event: 0.983 Thread 0x00000240547b85d0 Uncommon trap: reason=profile_predicate action=maybe_recompile pc=0x0000024066e7ecc4 method=java.util.TreeMap.put(Ljava/lang/Object;Ljava/lang/Object;Z)Ljava/lang/Object; @ 27 c2
Event: 0.983 Thread 0x00000240547b85d0 DEOPT PACKING pc=0x0000024066e7ecc4 sp=0x000000e29fcfd100
Event: 0.983 Thread 0x00000240547b85d0 DEOPT UNPACKING pc=0x0000024066724402 sp=0x000000e29fcfd068 mode 2
Event: 0.983 Thread 0x00000240547b85d0 Uncommon trap: trap_request=0xffffffbe fr.pc=0x0000024066e7ecc4 relative=0x0000000000000d24
Event: 0.983 Thread 0x00000240547b85d0 Uncommon trap: reason=profile_predicate action=maybe_recompile pc=0x0000024066e7ecc4 method=java.util.TreeMap.put(Ljava/lang/Object;Ljava/lang/Object;Z)Ljava/lang/Object; @ 27 c2
Event: 0.983 Thread 0x00000240547b85d0 DEOPT PACKING pc=0x0000024066e7ecc4 sp=0x000000e29fcfd100
Event: 0.983 Thread 0x00000240547b85d0 DEOPT UNPACKING pc=0x0000024066724402 sp=0x000000e29fcfd068 mode 2

Classes loaded (20 events):
Event: 0.952 Loading class java/io/ProxyingConsole
Event: 0.952 Loading class java/io/ProxyingConsole done
Event: 0.953 Loading class java/io/Console$1
Event: 0.953 Loading class jdk/internal/access/JavaIOAccess
Event: 0.953 Loading class jdk/internal/access/JavaIOAccess done
Event: 0.953 Loading class java/io/Console$1 done
Event: 0.956 Loading class java/util/concurrent/ConcurrentLinkedDeque$Itr
Event: 0.956 Loading class java/util/concurrent/ConcurrentLinkedDeque$AbstractItr
Event: 0.956 Loading class java/util/concurrent/ConcurrentLinkedDeque$AbstractItr done
Event: 0.957 Loading class java/util/concurrent/ConcurrentLinkedDeque$Itr done
Event: 0.957 Loading class java/io/UnsupportedEncodingException
Event: 0.957 Loading class java/io/UnsupportedEncodingException done
Event: 0.957 Loading class java/nio/charset/CharacterCodingException
Event: 0.957 Loading class java/nio/charset/CharacterCodingException done
Event: 0.957 Loading class java/lang/foreign/MemorySegment
Event: 0.957 Loading class java/lang/foreign/MemorySegment done
Event: 0.966 Loading class java/util/concurrent/Executors$DefaultThreadFactory
Event: 0.966 Loading class java/util/concurrent/Executors$DefaultThreadFactory done
Event: 0.978 Loading class java/util/Collections$UnmodifiableMap$UnmodifiableEntrySet$UnmodifiableEntrySetSpliterator
Event: 0.978 Loading class java/util/Collections$UnmodifiableMap$UnmodifiableEntrySet$UnmodifiableEntrySetSpliterator done

Classes unloaded (0 events):
No events

Classes redefined (0 events):
No events

Internal exceptions (20 events):
Event: 0.893 Thread 0x00000240547b85d0 Exception <a 'java/lang/NoSuchMethodError'{0x00000006a2b69360}: 'java.lang.Object java.lang.invoke.DirectMethodHandle$Holder.invokeStaticInit(java.lang.Object, java.lang.Object, java.lang.Object, java.lang.Object, java.lang.Object, java.lang.Object, java.lang.Object)'> (0x00000006a2b69360) 
thrown [s\open\src\hotspot\share\interpreter\linkResolver.cpp, line 796]
Event: 0.894 Thread 0x00000240547b85d0 Exception <a 'java/lang/NoSuchMethodError'{0x00000006a2b76770}: 'int java.lang.invoke.DirectMethodHandle$Holder.invokeVirtual(java.lang.Object, java.lang.Object, java.lang.Object)'> (0x00000006a2b76770) 
thrown [s\open\src\hotspot\share\interpreter\linkResolver.cpp, line 796]
Event: 0.895 Thread 0x00000240547b85d0 Exception <a 'java/lang/NoSuchMethodError'{0x00000006a2b79e38}: 'int java.lang.invoke.DirectMethodHandle$Holder.invokeVirtual(java.lang.Object, java.lang.Object)'> (0x00000006a2b79e38) 
thrown [s\open\src\hotspot\share\interpreter\linkResolver.cpp, line 796]
Event: 0.895 Thread 0x00000240547b85d0 Exception <a 'java/lang/NoSuchMethodError'{0x00000006a2b7de70}: 'int java.lang.invoke.DirectMethodHandle$Holder.invokeStaticInit(java.lang.Object, int, int)'> (0x00000006a2b7de70) 
thrown [s\open\src\hotspot\share\interpreter\linkResolver.cpp, line 796]
Event: 0.895 Thread 0x00000240547b85d0 Exception <a 'java/lang/NoSuchMethodError'{0x00000006a2b85378}: 'int java.lang.invoke.DirectMethodHandle$Holder.invokeStaticInit(java.lang.Object, long, long)'> (0x00000006a2b85378) 
thrown [s\open\src\hotspot\share\interpreter\linkResolver.cpp, line 796]
Event: 0.896 Thread 0x00000240547b85d0 Exception <a 'java/lang/NoSuchMethodError'{0x00000006a2b8be20}: 'int java.lang.invoke.DirectMethodHandle$Holder.invokeStaticInit(java.lang.Object, float, float)'> (0x00000006a2b8be20) 
thrown [s\open\src\hotspot\share\interpreter\linkResolver.cpp, line 796]
Event: 0.896 Thread 0x00000240547b85d0 Exception <a 'java/lang/NoSuchMethodError'{0x00000006a2b928c0}: 'int java.lang.invoke.DirectMethodHandle$Holder.invokeStaticInit(java.lang.Object, double, double)'> (0x00000006a2b928c0) 
thrown [s\open\src\hotspot\share\interpreter\linkResolver.cpp, line 796]
Event: 0.897 Thread 0x00000240547b85d0 Exception <a 'java/lang/NoSuchMethodError'{0x00000006a2b96d50}: 'int java.lang.invoke.DirectMethodHandle$Holder.invokeStatic(java.lang.Object, long)'> (0x00000006a2b96d50) 
thrown [s\open\src\hotspot\share\interpreter\linkResolver.cpp, line 796]
Event: 0.899 Thread 0x00000240547b85d0 Exception <a 'java/lang/NoSuchMethodError'{0x00000006a2bb90c8}: 'int java.lang.invoke.Invokers$Holder.linkToTargetMethod(java.lang.Object, java.lang.Object)'> (0x00000006a2bb90c8) 
thrown [s\open\src\hotspot\share\interpreter\linkResolver.cpp, line 796]
Event: 0.911 Thread 0x00000240547b85d0 Exception <a 'java/lang/NoSuchMethodError'{0x00000006a243ed60}: 'java.lang.Object java.lang.invoke.DirectMethodHandle$Holder.invokeSpecial(java.lang.Object, java.lang.Object, java.lang.Object, int, java.lang.Object)'> (0x00000006a243ed60) 
thrown [s\open\src\hotspot\share\interpreter\linkResolver.cpp, line 796]
Event: 0.911 Thread 0x00000240547b85d0 Exception <a 'java/lang/NoSuchMethodError'{0x00000006a2446868}: 'java.lang.Object java.lang.invoke.DirectMethodHandle$Holder.newInvokeSpecial(java.lang.Object, java.lang.Object, java.lang.Object, int, java.lang.Object)'> (0x00000006a2446868) 
thrown [s\open\src\hotspot\share\interpreter\linkResolver.cpp, line 796]
Event: 0.911 Thread 0x00000240547b85d0 Exception <a 'java/lang/NoSuchMethodError'{0x00000006a244de40}: 'java.lang.Object java.lang.invoke.Invokers$Holder.linkToTargetMethod(java.lang.Object, java.lang.Object, int, java.lang.Object, java.lang.Object)'> (0x00000006a244de40) 
thrown [s\open\src\hotspot\share\interpreter\linkResolver.cpp, line 796]
Event: 0.912 Thread 0x00000240547b85d0 Exception <a 'java/lang/NoSuchMethodError'{0x00000006a2455be0}: 'int java.lang.invoke.DirectMethodHandle$Holder.invokeStatic(java.lang.Object, int, java.lang.Object, java.lang.Object)'> (0x00000006a2455be0) 
thrown [s\open\src\hotspot\share\interpreter\linkResolver.cpp, line 796]
Event: 0.912 Thread 0x00000240547b85d0 Exception <a 'java/lang/NoSuchMethodError'{0x00000006a245d010}: 'java.lang.Object java.lang.invoke.DirectMethodHandle$Holder.newInvokeSpecial(java.lang.Object, int, java.lang.Object)'> (0x00000006a245d010) 
thrown [s\open\src\hotspot\share\interpreter\linkResolver.cpp, line 796]
Event: 0.912 Thread 0x00000240547b85d0 Exception <a 'java/lang/NoSuchMethodError'{0x00000006a2461b98}: 'int java.lang.invoke.DirectMethodHandle$Holder.invokeSpecialIFC(java.lang.Object, java.lang.Object, java.lang.Object, java.lang.Object)'> (0x00000006a2461b98) 
thrown [s\open\src\hotspot\share\interpreter\linkResolver.cpp, line 796]
Event: 0.931 Thread 0x00000240547b85d0 Exception <a 'java/lang/NoSuchMethodError'{0x00000006a2562968}: 'void java.lang.invoke.DirectMethodHandle$Holder.invokeInterface(java.lang.Object, java.lang.Object, java.lang.Object)'> (0x00000006a2562968) 
thrown [s\open\src\hotspot\share\interpreter\linkResolver.cpp, line 796]
Event: 0.936 Thread 0x00000240547b85d0 Exception <a 'java/lang/NoSuchMethodError'{0x00000006a25c4590}: 'void java.lang.invoke.DirectMethodHandle$Holder.invokeStatic(java.lang.Object, java.lang.Object, int)'> (0x00000006a25c4590) 
thrown [s\open\src\hotspot\share\interpreter\linkResolver.cpp, line 796]
Event: 0.945 Thread 0x00000240547b85d0 Exception <a 'java/lang/NoSuchMethodError'{0x00000006a2624020}: 'void java.lang.invoke.DirectMethodHandle$Holder.invokeStaticInit(java.lang.Object, java.lang.Object, java.lang.Object)'> (0x00000006a2624020) 
thrown [s\open\src\hotspot\share\interpreter\linkResolver.cpp, line 796]
Event: 0.954 Thread 0x00000240547b85d0 Exception <a 'java/lang/NoSuchMethodError'{0x00000006a2670de8}: 'java.lang.Object java.lang.invoke.DirectMethodHandle$Holder.invokeVirtual(java.lang.Object, java.lang.Object, java.lang.Object)'> (0x00000006a2670de8) 
thrown [s\open\src\hotspot\share\interpreter\linkResolver.cpp, line 796]
Event: 0.970 Thread 0x00000240547b85d0 Exception <a 'java/lang/NoSuchMethodError'{0x00000006a272b070}: 'void java.lang.invoke.DirectMethodHandle$Holder.invokeVirtual(java.lang.Object, java.lang.Object, java.lang.Object, java.lang.Object)'> (0x00000006a272b070) 
thrown [s\open\src\hotspot\share\interpreter\linkResolver.cpp, line 796]

VM Operations (20 events):
Event: 0.230 Executing VM operation: HandshakeAllThreads (Deoptimize)
Event: 0.230 Executing VM operation: HandshakeAllThreads (Deoptimize) done
Event: 0.247 Executing VM operation: HandshakeAllThreads (Deoptimize)
Event: 0.247 Executing VM operation: HandshakeAllThreads (Deoptimize) done
Event: 0.247 Executing VM operation: HandshakeAllThreads (Deoptimize)
Event: 0.247 Executing VM operation: HandshakeAllThreads (Deoptimize) done
Event: 0.469 Executing VM operation: HandshakeAllThreads (Deoptimize)
Event: 0.469 Executing VM operation: HandshakeAllThreads (Deoptimize) done
Event: 0.645 Executing VM operation: HandshakeAllThreads (Deoptimize)
Event: 0.645 Executing VM operation: HandshakeAllThreads (Deoptimize) done
Event: 0.662 Executing VM operation: G1CollectForAllocation (G1 Evacuation Pause)
Event: 0.671 Executing VM operation: G1CollectForAllocation (G1 Evacuation Pause) done
Event: 0.724 Executing VM operation: HandshakeAllThreads (Deoptimize)
Event: 0.724 Executing VM operation: HandshakeAllThreads (Deoptimize) done
Event: 0.740 Executing VM operation: HandshakeAllThreads (Deoptimize)
Event: 0.740 Executing VM operation: HandshakeAllThreads (Deoptimize) done
Event: 0.924 Executing VM operation: HandshakeAllThreads (Deoptimize)
Event: 0.924 Executing VM operation: HandshakeAllThreads (Deoptimize) done
Event: 0.936 Executing VM operation: HandshakeAllThreads (Deoptimize)
Event: 0.936 Executing VM operation: HandshakeAllThreads (Deoptimize) done

Memory protections (0 events):
No events

Nmethod flushes (0 events):
No events

Events (20 events):
Event: 0.021 Thread 0x00000240547b85d0 Thread added: 0x00000240547b85d0
Event: 0.033 Thread 0x00000240547b85d0 Thread added: 0x00000240783d8530
Event: 0.033 Thread 0x00000240547b85d0 Thread added: 0x00000240783d8ba0
Event: 0.034 Thread 0x00000240547b85d0 Thread added: 0x00000240783d9b50
Event: 0.034 Thread 0x00000240547b85d0 Thread added: 0x00000240783dc1d0
Event: 0.034 Thread 0x00000240547b85d0 Thread added: 0x00000240783e0980
Event: 0.034 Thread 0x00000240547b85d0 Thread added: 0x00000240783e9000
Event: 0.034 Thread 0x00000240547b85d0 Thread added: 0x00000240783ed100
Event: 0.034 Thread 0x00000240547b85d0 Thread added: 0x00000240450270b0
Event: 0.079 Thread 0x00000240547b85d0 Thread added: 0x000002404512ff80
Event: 0.084 Thread 0x00000240450270b0 Thread added: 0x0000024045026310
Event: 0.085 Thread 0x0000024045026310 Thread added: 0x00000240450269e0
Event: 0.089 Thread 0x00000240450269e0 Thread added: 0x0000024045027780
Event: 0.115 Thread 0x0000024045027780 Thread added: 0x0000024045024100
Event: 0.168 Thread 0x00000240450269e0 Thread added: 0x00000240450247d0
Event: 0.183 Thread 0x00000240547b85d0 Thread added: 0x0000024045476940
Event: 0.183 Thread 0x00000240547b85d0 Thread added: 0x00000240454771e0
Event: 0.600 Thread 0x00000240450269e0 Thread added: 0x0000024045025570
Event: 0.601 Thread 0x00000240450270b0 Thread added: 0x0000024045025c40
Event: 0.737 Thread 0x00000240783dc1d0 Thread added: 0x0000024046337fa0


Dynamic libraries:
0x00007ff6477d0000 - 0x00007ff6477e0000 	C:\Program Files\Java\jdk-23\bin\java.exe
0x00007fff7b100000 - 0x00007fff7b368000 	C:\WINDOWS\SYSTEM32\ntdll.dll
0x00007fff7ab70000 - 0x00007fff7ac39000 	C:\WINDOWS\System32\KERNEL32.DLL
0x00007fff78480000 - 0x00007fff7886d000 	C:\WINDOWS\System32\KERNELBASE.dll
0x00007fff75210000 - 0x00007fff752ae000 	C:\WINDOWS\SYSTEM32\apphelp.dll
0x00007fff78910000 - 0x00007fff78a5b000 	C:\WINDOWS\System32\ucrtbase.dll
0x00007fff73d50000 - 0x00007fff73d6b000 	C:\Program Files\Java\jdk-23\bin\VCRUNTIME140.dll
0x00007fff73d30000 - 0x00007fff73d47000 	C:\Program Files\Java\jdk-23\bin\jli.dll
0x00007fff78f20000 - 0x00007fff790ec000 	C:\WINDOWS\System32\USER32.dll
0x00007fff67650000 - 0x00007fff678ea000 	C:\WINDOWS\WinSxS\amd64_microsoft.windows.common-controls_6595b64144ccf1df_6.0.26100.4484_none_3e0e6d4ce32ef3b3\COMCTL32.dll
0x00007fff78250000 - 0x00007fff78277000 	C:\WINDOWS\System32\win32u.dll
0x00007fff790f0000 - 0x00007fff79199000 	C:\WINDOWS\System32\msvcrt.dll
0x00007fff7a500000 - 0x00007fff7a52b000 	C:\WINDOWS\System32\GDI32.dll
0x00007fff78d60000 - 0x00007fff78e97000 	C:\WINDOWS\System32\gdi32full.dll
0x00007fff78280000 - 0x00007fff78323000 	C:\WINDOWS\System32\msvcp_win.dll
0x00007fff7ac50000 - 0x00007fff7ac7f000 	C:\WINDOWS\System32\IMM32.DLL
0x00007fff73d20000 - 0x00007fff73d2c000 	C:\Program Files\Java\jdk-23\bin\vcruntime140_1.dll
0x00007fff3e450000 - 0x00007fff3e4de000 	C:\Program Files\Java\jdk-23\bin\msvcp140.dll
0x00007fff17120000 - 0x00007fff17e6f000 	C:\Program Files\Java\jdk-23\bin\server\jvm.dll
0x00007fff793c0000 - 0x00007fff79474000 	C:\WINDOWS\System32\ADVAPI32.dll
0x00007fff79310000 - 0x00007fff793b6000 	C:\WINDOWS\System32\sechost.dll
0x00007fff7a130000 - 0x00007fff7a248000 	C:\WINDOWS\System32\RPCRT4.dll
0x00007fff7b040000 - 0x00007fff7b0b4000 	C:\WINDOWS\System32\WS2_32.dll
0x00007fff780c0000 - 0x00007fff7811e000 	C:\WINDOWS\SYSTEM32\POWRPROF.dll
0x00007fff70660000 - 0x00007fff7066b000 	C:\WINDOWS\SYSTEM32\VERSION.dll
0x00007fff6e2b0000 - 0x00007fff6e2e5000 	C:\WINDOWS\SYSTEM32\WINMM.dll
0x00007fff780a0000 - 0x00007fff780b4000 	C:\WINDOWS\SYSTEM32\UMPDC.dll
0x00007fff76fc0000 - 0x00007fff76fdb000 	C:\WINDOWS\SYSTEM32\kernel.appcore.dll
0x00007fff73d10000 - 0x00007fff73d1a000 	C:\Program Files\Java\jdk-23\bin\jimage.dll
0x00007fff6e6c0000 - 0x00007fff6e901000 	C:\WINDOWS\SYSTEM32\DBGHELP.DLL
0x00007fff7acb0000 - 0x00007fff7b036000 	C:\WINDOWS\System32\combase.dll
0x00007fff7a9c0000 - 0x00007fff7aaa0000 	C:\WINDOWS\System32\OLEAUT32.dll
0x00007fff626b0000 - 0x00007fff626f3000 	C:\WINDOWS\SYSTEM32\dbgcore.DLL
0x00007fff78870000 - 0x00007fff78909000 	C:\WINDOWS\System32\bcryptPrimitives.dll
0x00007fff569c0000 - 0x00007fff569cf000 	C:\Program Files\Java\jdk-23\bin\instrument.dll
0x00007fff722a0000 - 0x00007fff722be000 	C:\Program Files\Java\jdk-23\bin\java.dll
0x00007fff7a350000 - 0x00007fff7a4ee000 	C:\WINDOWS\System32\ole32.dll
0x00007fff79560000 - 0x00007fff79caa000 	C:\WINDOWS\System32\SHELL32.dll
0x00007fff78a60000 - 0x00007fff78bd4000 	C:\WINDOWS\System32\wintypes.dll
0x00007fff75e50000 - 0x00007fff766ab000 	C:\WINDOWS\SYSTEM32\windows.storage.dll
0x00007fff7a250000 - 0x00007fff7a345000 	C:\WINDOWS\System32\SHCORE.dll
0x00007fff792a0000 - 0x00007fff7930a000 	C:\WINDOWS\System32\shlwapi.dll
0x00007fff78160000 - 0x00007fff7818f000 	C:\WINDOWS\SYSTEM32\profapi.dll
0x00007fff3e370000 - 0x00007fff3e447000 	C:\Program Files\Java\jdk-23\bin\jsvml.dll
0x00007fff52590000 - 0x00007fff525a7000 	C:\Program Files\Java\jdk-23\bin\zip.dll
0x00007fff72290000 - 0x00007fff722a0000 	C:\Program Files\Java\jdk-23\bin\net.dll
0x00007fff77580000 - 0x00007fff775ea000 	C:\WINDOWS\system32\mswsock.dll
0x00007fff525b0000 - 0x00007fff525c6000 	C:\Program Files\Java\jdk-23\bin\nio.dll
0x00007fff51bd0000 - 0x00007fff51bd9000 	C:\Program Files\Java\jdk-23\bin\extnet.dll
0x00007fff76ab0000 - 0x00007fff76bd6000 	C:\WINDOWS\SYSTEM32\DNSAPI.dll
0x00007fff76a70000 - 0x00007fff76aa3000 	C:\WINDOWS\SYSTEM32\IPHLPAPI.DLL
0x00007fff7ab60000 - 0x00007fff7ab6a000 	C:\WINDOWS\System32\NSI.dll
0x00007fff710d0000 - 0x00007fff710db000 	C:\Windows\System32\rasadhlp.dll
0x00007fff723b0000 - 0x00007fff72436000 	C:\WINDOWS\System32\fwpuclnt.dll
0x00007fff49760000 - 0x00007fff4976a000 	C:\Program Files\Java\jdk-23\bin\management.dll
0x00007fff49750000 - 0x00007fff4975b000 	C:\Program Files\Java\jdk-23\bin\management_ext.dll
0x00007fff7ac90000 - 0x00007fff7ac98000 	C:\WINDOWS\System32\PSAPI.DLL
0x00007fff77840000 - 0x00007fff7785b000 	C:\WINDOWS\SYSTEM32\CRYPTSP.dll
0x00007fff76f20000 - 0x00007fff76f5b000 	C:\WINDOWS\system32\rsaenh.dll
0x00007fff77620000 - 0x00007fff7764b000 	C:\WINDOWS\SYSTEM32\USERENV.dll
0x00007fff78130000 - 0x00007fff78156000 	C:\WINDOWS\SYSTEM32\bcrypt.dll
0x00007fff77830000 - 0x00007fff7783c000 	C:\WINDOWS\SYSTEM32\CRYPTBASE.dll
0x00007fff57700000 - 0x00007fff57718000 	C:\WINDOWS\system32\napinsp.dll
0x00007fff56d70000 - 0x00007fff56d82000 	C:\WINDOWS\System32\winrnr.dll
0x00007fff56d30000 - 0x00007fff56d60000 	C:\WINDOWS\system32\nlansp_c.dll
0x00007fff70c50000 - 0x00007fff70c70000 	C:\WINDOWS\system32\wshbth.dll

dbghelp: loaded successfully - version: 4.0.5 - missing functions: none
symbol engine: initialized successfully - sym options: 0x614 - pdb path: .;C:\Program Files\Java\jdk-23\bin;C:\WINDOWS\SYSTEM32;C:\WINDOWS\WinSxS\amd64_microsoft.windows.common-controls_6595b64144ccf1df_6.0.26100.4484_none_3e0e6d4ce32ef3b3;C:\Program Files\Java\jdk-23\bin\server

VM Arguments:
jvm_args: -javaagent:C:\Program Files\JetBrains\IntelliJ IDEA 2024.2.3\lib\idea_rt.jar=50576 -Dfile.encoding=UTF-8 -Dsun.stdout.encoding=UTF-8 -Dsun.stderr.encoding=UTF-8 
java_command: com.Backend.MediXBackend.MediXBackendApplication
java_class_path (initial): E:\Books And Resources\MediX-Ridwan\MediX\MediXBackend\target\classes;C:\Users\ASUS\.m2\repository\org\springframework\boot\spring-boot-starter-data-jpa\3.5.0\spring-boot-starter-data-jpa-3.5.0.jar;C:\Users\ASUS\.m2\repository\org\springframework\boot\spring-boot-starter-web\3.5.0\spring-boot-starter-web-3.5.0.jar;C:\Users\ASUS\.m2\repository\org\springframework\boot\spring-boot-starter\3.5.0\spring-boot-starter-3.5.0.jar;C:\Users\ASUS\.m2\repository\org\springframework\boot\spring-boot-starter-jdbc\3.5.0\spring-boot-starter-jdbc-3.5.0.jar;C:\Users\ASUS\.m2\repository\org\hibernate\orm\hibernate-core\6.6.15.Final\hibernate-core-6.6.15.Final.jar;C:\Users\ASUS\.m2\repository\org\springframework\data\spring-data-jpa\3.5.0\spring-data-jpa-3.5.0.jar;C:\Users\ASUS\.m2\repository\org\springframework\spring-aspects\6.2.7\spring-aspects-6.2.7.jar;C:\Users\ASUS\.m2\repository\org\springframework\boot\spring-boot-starter-json\3.5.0\spring-boot-starter-json-3.5.0.jar;C:\Users\ASUS\.m2\repository\org\springframework\boot\spring-boot-starter-tomcat\3.5.0\spring-boot-starter-tomcat-3.5.0.jar;C:\Users\ASUS\.m2\repository\org\springframework\spring-web\6.2.7\spring-web-6.2.7.jar;C:\Users\ASUS\.m2\repository\org\springframework\spring-webmvc\6.2.7\spring-webmvc-6.2.7.jar;C:\Users\ASUS\.m2\repository\jakarta\xml\bind\jakarta.xml.bind-api\4.0.2\jakarta.xml.bind-api-4.0.2.jar;C:\Users\ASUS\.m2\repository\org\springframework\spring-core\6.2.7\spring-core-6.2.7.jar;C:\Users\ASUS\.m2\repository\org\springframework\boot\spring-boot\3.5.0\spring-boot-3.5.0.jar;C:\Users\ASUS\.m2\repository\org\springframework\boot\spring-boot-autoconfigure\3.5.0\spring-boot-autoconfigure-3.5.0.jar;C:\Users\ASUS\.m2\repository\org\springframework\boot\spring-boot-starter-logging\3.5.0\spring-boot-starter-logging-3.5.0.jar;C:\Users\ASUS\.m2\repository\jakarta\annotation\jakarta.annotation-api\2.1.1\jakarta.annotation-api-2.1.1.jar;C:\Users\ASUS\.m2\repository\org\yaml\snakeyaml\2.4\snakeyaml-2.4.jar;C:\Users\ASUS\.m2\repository\com\zaxxer\HikariCP\6.3.0\HikariCP-6.3.0.jar;C:\Users\ASUS\.m2\repository\org\springframework\spring-jdbc\6.2.7\spring-jdbc-6.2.7.jar;C:\Users\ASUS\.m2\repository\jakarta\persistence\jakarta.persistence-api\3.1.0\jakarta.persistence-api-3.1.0.jar;C:\Users\ASUS\.m2\repository\jakarta\transaction\jakarta.transaction-api\2.0.1\jakarta.transaction-api-2.0.1.jar;C:\Users\ASUS\.m2\repository\org\jboss\logging\jboss-logging\3.6.1.Final\jboss-logging-3.6.1.Final.jar;C:\Users\ASUS\.m2\repository\org\hibernate\common\hibernate-commons-annotations\7.0.3.Final\hibernate-commons-annotations-7.0.3.Final.jar;C:\Users\ASUS\.m2\repository\io\smallrye\jandex\3.2.0\jandex-3.2.0.jar;C:\Users\ASUS\.m2\repository\com\fasterxml\classmate\1.7.0\classmate-1.7.0.jar;C:\Users\ASUS\.m2\repository\net\bytebuddy\byte-buddy\1.17.5\byte-buddy-1.17.5.jar;C:\Users\ASUS\.m2\repository\org\glassfish\jaxb\jaxb-runtime\4.0.5\jaxb-runtime-4.0.5.jar;C:\Users\ASUS\.m2\repository\jakarta\inject\jakarta.inject-api\2.0.1\jakarta.inject-api-2.0.1.jar;C:\Users\ASUS\.m2\repository\org\antlr\antlr4-runtime\4.13.0\antlr4-runtime-4.13.0.jar;C:\Users\ASUS\.m2\repository\org\springframework\data\spring-data-commons\3.5.0\spring-data-commons-3.5.0.jar;C:\Users\ASUS\.m2\repository\org\springframework\spring-orm\6.2.7\spring-orm-6.2.7.jar;C:\Users\ASUS\.m2\repository\org\springframework\spring-context\6.2.7\spring-context-6.2.7.jar;C:\Users\ASUS\.m2\repository\org\springframework\spring-aop\6.2.7\spring-aop-6.2.7.jar;C:\Users\ASUS\.m2\repository\org\springframework\spring-tx\6.2.7\spring-tx-6.2.7.jar;C:\Users\ASUS\.m2\repository\org\springframework\spring-beans\6.2.7\spring-beans-6.2.7.jar;C:\Users\ASUS\.m2\repository\org\slf4j\slf4j-api\2.0.17\slf4j-api-2.0.17.jar;C:\Users\ASUS\.m2\repository\org\aspectj\aspectjweaver\1.9.24\aspectjweaver-1.9.24.jar;C:\Users\ASUS\.m2\repository\com\fasterxml\jackson\core\jackson-databind\2.19.0\jackson-databind-2.19.0.jar;C:\Users\ASUS\.m2\repository\com\fasterxml\jackson\datatype\jackson-datatype-jdk8\2.19.0\jackson-datatype-jdk8-2.19.0.jar;C:\Users\ASUS\.m2\repository\com\fasterxml\jackson\datatype\jackson-datatype-jsr310\2.19.0\jackson-datatype-jsr310-2.19.0.jar;C:\Users\ASUS\.m2\repository\com\fasterxml\jackson\module\jackson-module-parameter-names\2.19.0\jackson-module-parameter-names-2.19.0.jar;C:\Users\ASUS\.m2\repository\org\apache\tomcat\embed\tomcat-embed-core\10.1.41\tomcat-embed-core-10.1.41.jar;C:\Users\ASUS\.m2\repository\org\apache\tomcat\embed\tomcat-embed-el\10.1.41\tomcat-embed-el-10.1.41.jar;C:\Users\ASUS\.m2\repository\org\apache\tomcat\embed\tomcat-embed-websocket\10.1.41\tomcat-embed-websocket-10.1.41.jar;C:\Users\ASUS\.m2\repository\io\micrometer\micrometer-observation\1.15.0\micrometer-observation-1.15.0.jar;C:\Users\ASUS\.m2\repository\org\springframework\spring-expression\6.2.7\spring-expression-6.2.7.jar;C:\Users\ASUS\.m2\repository\jakarta\activation\jakarta.activation-api\2.1.3\jakarta.activation-api-2.1.3.jar;C:\Users\ASUS\.m2\repository\org\springframework\spring-jcl\6.2.7\spring-jcl-6.2.7.jar;C:\Users\ASUS\.m2\repository\ch\qos\logback\logback-classic\1.5.18\logback-classic-1.5.18.jar;C:\Users\ASUS\.m2\repository\org\apache\logging\log4j\log4j-to-slf4j\2.24.3\log4j-to-slf4j-2.24.3.jar;C:\Users\ASUS\.m2\repository\org\slf4j\jul-to-slf4j\2.0.17\jul-to-slf4j-2.0.17.jar;C:\Users\ASUS\.m2\repository\org\glassfish\jaxb\jaxb-core\4.0.5\jaxb-core-4.0.5.jar;C:\Users\ASUS\.m2\repository\com\fasterxml\jackson\core\jackson-annotations\2.19.0\jackson-annotations-2.19.0.jar;C:\Users\ASUS\.m2\repository\com\fasterxml\jackson\core\jackson-core\2.19.0\jackson-core-2.19.0.jar;C:\Users\ASUS\.m2\repository\io\micrometer\micrometer-commons\1.15.0\micrometer-commons-1.15.0.jar;C:\Users\ASUS\.m2\repository\ch\qos\logback\logback-core\1.5.18\logback-core-1.5.18.jar;C:\Users\ASUS\.m2\repository\org\apache\logging\log4j\log4j-api\2.24.3\log4j-api-2.24.3.jar;C:\Users\ASUS\.m2\repository\org\eclipse\angus\angus-activation\2.0.2\angus-activation-2.0.2.jar;C:\Users\ASUS\.m2\repository\org\glassfish\jaxb\txw2\4.0.5\txw2-4.0.5.jar;C:\Users\ASUS\.m2\repository\com\sun\istack\istack-commons-runtime\4.1.2\istack-commons-runtime-4.1.2.jar
Launcher Type: SUN_STANDARD

[Global flags]
     intx CICompilerCount                          = 12                                        {product} {ergonomic}
     uint ConcGCThreads                            = 3                                         {product} {ergonomic}
     uint G1ConcRefinementThreads                  = 13                                        {product} {ergonomic}
   size_t G1HeapRegionSize                         = 4194304                                   {product} {ergonomic}
   size_t InitialHeapSize                          = 390070272                                 {product} {ergonomic}
   size_t MarkStackSize                            = 4194304                                   {product} {ergonomic}
   size_t MarkStackSizeMax                         = 536870912                                 {product} {ergonomic}
   size_t MaxHeapSize                              = 6241124352                                {product} {ergonomic}
   size_t MaxNewSize                               = 3741319168                                {product} {ergonomic}
   size_t MinHeapDeltaBytes                        = 4194304                                   {product} {ergonomic}
   size_t MinHeapSize                              = 8388608                                   {product} {ergonomic}
    uintx NonNMethodCodeHeapSize                   = 7602176                                {pd product} {ergonomic}
    uintx NonProfiledCodeHeapSize                  = 122093568                              {pd product} {ergonomic}
    uintx ProfiledCodeHeapSize                     = 121962496                              {pd product} {ergonomic}
    uintx ReservedCodeCacheSize                    = 251658240                              {pd product} {ergonomic}
     bool SegmentedCodeCache                       = true                                      {product} {ergonomic}
   size_t SoftMaxHeapSize                          = 6241124352                             {manageable} {ergonomic}
     bool UseCompressedOops                        = true                           {product lp64_product} {ergonomic}
     bool UseG1GC                                  = true                                      {product} {ergonomic}
     bool UseLargePagesIndividualAllocation        = false                                  {pd product} {ergonomic}

Logging:
Log output configuration:
 #0: stdout all=warning uptime,level,tags foldmultilines=false
 #1: stderr all=off uptime,level,tags foldmultilines=false

Environment Variables:
PATH=E:\WINDOWS.X64_193000_db_home\bin;C:\Program Files\Common Files\Oracle\Java\javapath;C:\Program Files (x86)\Common Files\Oracle\Java\java8path;C:\Program Files (x86)\Common Files\Oracle\Java\javapath;C:\Windows\system32;C:\Windows;C:\Windows\System32\Wbem;C:\Windows\System32\WindowsPowerShell\v1.0\;C:\Windows\System32\OpenSSH\;C:\Program Files (x86)\NVIDIA Corporation\PhysX\Common;C:\Program Files\dotnet\;C:\Program Files\MySQL\MySQL Server 8.0\bin;C:\Program Files\Git\cmd;C:\Program Files\Git\mingw64\bin;C:\Program Files\Git\usr\bin;C:\WINDOWS\system32;C:\WINDOWS;C:\WINDOWS\System32\Wbem;C:\WINDOWS\System32\WindowsPowerShell\v1.0\;C:\WINDOWS\System32\OpenSSH\;C:\Program Files\Go\bin;C:\Program Files\nodejs\;C:\Program Files\Cloudflare\Cloudflare WARP\;C:\Program Files\NVIDIA Corporation\NVIDIA App\NvDLISR;C:\Users\ASUS\AppData\Local\Programs\Python\Python313\Scripts\;C:\Users\ASUS\AppData\Local\Programs\Python\Python313\;C:\Users\ASUS\AppData\Local\Programs\Python\Launcher\;C:\Program Files\MySQL\MySQL Shell 8.0\bin\;C:\Users\ASUS\AppData\Local\Microsoft\WindowsApps;C:\Users\ASUS\.dotnet\tools;C:\MinGW\bin;D:\Microsoft VS Code\bin;C:\Program Files\JetBrains\IntelliJ IDEA Community Edition 2024.1.2\bin;;C:\Program Files\JetBrains\IntelliJ IDEA 2024.2.3\bin;;C:\Users\ASUS\go\bin;C:\Users\ASUS\AppData\Roaming\npm;F:\Microsoft VS Code\bin
USERNAME=ASUS
OS=Windows_NT
PROCESSOR_IDENTIFIER=AMD64 Family 25 Model 68 Stepping 1, AuthenticAMD
TMP=C:\Users\ASUS\AppData\Local\Temp
TEMP=C:\Users\ASUS\AppData\Local\Temp




Periodic native trim disabled

---------------  S Y S T E M  ---------------

OS:
 Windows 11 , 64 bit Build 26100 (10.0.26100.4484)
OS uptime: 0 days 0:19 hours
Hyper-V role detected

CPU: total 16 (initial active 16) (16 cores per cpu, 2 threads per core) family 25 model 68 stepping 1 microcode 0xa404102, cx8, cmov, fxsr, ht, mmx, 3dnowpref, sse, sse2, sse3, ssse3, sse4a, sse4.1, sse4.2, popcnt, lzcnt, tsc, tscinvbit, avx, avx2, aes, erms, clmul, bmi1, bmi2, adx, sha, fma, vzeroupper, clflush, clflushopt, hv, rdtscp, rdpid, fsrm, f16c, cet_ss
Processor Information for the first 16 processors :
  Max Mhz: 3201, Current Mhz: 3201, Mhz Limit: 3201

Memory: 4k page, system-wide physical 23800M (10407M free)
TotalPageFile size 27896M (AvailPageFile size 814M)
current process WorkingSet (physical memory assigned to process): 123M, peak: 123M
current process commit charge ("private bytes"): 511M, peak: 511M

vm_info: Java HotSpot(TM) 64-Bit Server VM (23.0.1+11-39) for windows-amd64 JRE (23.0.1+11-39), built on 2024-09-30T07:20:43Z with MS VC++ 17.6 (VS2022)

END.
