#
# There is insufficient memory for the Java Runtime Environment to continue.
# Native memory allocation (mmap) failed to map 65536 bytes. Error detail: Failed to commit metaspace.
# Possible reasons:
#   The system is out of physical RAM or swap space
#   This process is running with CompressedOops enabled, and the Java Heap may be blocking the growth of the native heap
# Possible solutions:
#   Reduce memory load on the system
#   Increase physical memory or swap space
#   Check if swap backing store is full
#   Decrease Java heap size (-Xmx/-Xms)
#   Decrease number of Java threads
#   Decrease Java thread stack sizes (-Xss)
#   Set larger code cache with -XX:ReservedCodeCacheSize=
#   JVM is running with Unscaled Compressed Oops mode in which the Java heap is
#     placed in the first 4GB address space. The Java Heap base address is the
#     maximum limit for the native heap growth. Please use -XX:HeapBaseMinAddress
#     to set the Java Heap base and to place the Java Heap above 4GB virtual address.
# This output file may be truncated or incomplete.
#
#  Out of Memory Error (virtualSpaceNode.cpp:113), pid=22988, tid=8724
#
# JRE version: Java(TM) SE Runtime Environment (23.0.1+11) (build 23.0.1+11-39)
# Java VM: Java HotSpot(TM) 64-Bit Server VM (23.0.1+11-39, mixed mode, sharing, tiered, compressed oops, compressed class ptrs, g1 gc, windows-amd64)
# No core dump will be written. Minidumps are not enabled by default on client versions of Windows
#

---------------  S U M M A R Y ------------

Command Line: -javaagent:C:\Program Files\JetBrains\IntelliJ IDEA 2024.3.1\lib\idea_rt.jar=49174:C:\Program Files\JetBrains\IntelliJ IDEA 2024.3.1\bin -Dfile.encoding=UTF-8 -Dsun.stdout.encoding=UTF-8 -Dsun.stderr.encoding=UTF-8 com.Backend.MediXBackend.MediXBackendApplication

Host: 13th Gen Intel(R) Core(TM) i5-1335U, 12 cores, 7G,  Windows 11 , 64 bit Build 26100 (10.0.26100.4484)
Time: Tue Jul 15 21:39:42 2025 Bangladesh Standard Time elapsed time: 9310.248364 seconds (0d 2h 35m 10s)

---------------  T H R E A D  ---------------

Current thread (0x000001b34665cf10):  JavaThread "RMI TCP Accept-0" daemon [_thread_in_vm, id=8724, stack(0x0000004884100000,0x0000004884200000) (1024K)]

Stack: [0x0000004884100000,0x0000004884200000]
Native frames: (J=compiled Java code, j=interpreted, Vv=VM code, C=native code)
V  [jvm.dll+0x6e08b9]  (no source info available)
V  [jvm.dll+0x87dc83]  (no source info available)
V  [jvm.dll+0x88010e]  (no source info available)
V  [jvm.dll+0x8807e3]  (no source info available)
V  [jvm.dll+0x27aee6]  (no source info available)
V  [jvm.dll+0x87988e]  (no source info available)
V  [jvm.dll+0x682035]  (no source info available)
V  [jvm.dll+0x68209a]  (no source info available)
V  [jvm.dll+0x6848da]  (no source info available)
V  [jvm.dll+0x2219dc]  (no source info available)
V  [jvm.dll+0x682a4e]  (no source info available)
V  [jvm.dll+0x68ce28]  (no source info available)
V  [jvm.dll+0x211fe1]  (no source info available)
V  [jvm.dll+0x21244a]  (no source info available)
V  [jvm.dll+0x212e71]  (no source info available)
V  [jvm.dll+0x20811e]  (no source info available)
V  [jvm.dll+0x5be6df]  (no source info available)
V  [jvm.dll+0x219b2b]  (no source info available)
V  [jvm.dll+0x7f3130]  (no source info available)
V  [jvm.dll+0x7f41d6]  (no source info available)
V  [jvm.dll+0x7f47e4]  (no source info available)
V  [jvm.dll+0x7f4468]  (no source info available)
V  [jvm.dll+0x2689cb]  (no source info available)
V  [jvm.dll+0x3d1e3e]  (no source info available)
C  0x000001b36d60afcc  (no source info available)

The last pc belongs to new (printed below).
Java frames: (J=compiled Java code, j=interpreted, Vv=VM code)
j  java.util.WeakHashMap$Values.iterator()Ljava/util/Iterator;+0 java.base@23.0.1
j  sun.rmi.transport.tcp.TCPTransport.shedConnectionCaches()V+38 java.rmi@23.0.1
j  sun.rmi.transport.tcp.TCPEndpoint.shedConnectionCaches()V+29 java.rmi@23.0.1
j  sun.rmi.transport.tcp.TCPTransport$AcceptLoop.executeAcceptLoop()V+204 java.rmi@23.0.1
j  sun.rmi.transport.tcp.TCPTransport$AcceptLoop.run()V+1 java.rmi@23.0.1
j  java.lang.Thread.runWith(Ljava/lang/Object;Ljava/lang/Runnable;)V+5 java.base@23.0.1
j  java.lang.Thread.run()V+19 java.base@23.0.1
v  ~StubRoutines::call_stub 0x000001b36d5f0fcd
Lock stack of current Java thread (top to bottom):
LockStack[0]: java.util.WeakHashMap 
{0x0000000087e60838} - klass: 'java/util/WeakHashMap'
 - ---- fields (total size 6 words):
 - transient 'keySet' 'Ljava/util/Set;' @12  null (0x00000000)
 - transient 'values' 'Ljava/util/Collection;' @16  a 'java/util/WeakHashMap$Values'{0x000000008850bc08} (0x8850bc08)
 - private 'size' 'I' @20  0 (0x00000000)
 - private 'threshold' 'I' @24  12 (0x0000000c)
 - private final 'loadFactor' 'F' @28  0.750000 (0x3f400000)
 - 'modCount' 'I' @32  0 (0x00000000)
 - 'table' '[Ljava/util/WeakHashMap$Entry;' @36  a 'java/util/WeakHashMap$Entry'[16] {0x0000000087e60868} (0x87e60868)
 - private final 'queue' 'Ljava/lang/ref/ReferenceQueue;' @40  a 'java/lang/ref/ReferenceQueue'{0x0000000087e608b8} (0x87e608b8)
 - private transient 'entrySet' 'Ljava/util/Set;' @44  null (0x00000000)

new  187 new  [0x000001b36d60ae40, 0x000001b36d60b050]  528 bytes
[MachCode]
  0x000001b36d60ae40: 4883 ec08 | c5fa 1104 | 24eb 1f48 | 83ec 10c5 | fb11 0424 | eb14 4883 | ec10 4889 | 0424 48c7 
  0x000001b36d60ae60: 4424 0800 | 0000 00eb | 0150 410f | b755 010f | cac1 ea10 | 488b 4de8 | 488b 4908 | 488b 4908 
  0x000001b36d60ae80: 488b 4108 | 807c 1004 | 070f 85e0 | 0000 0066 | 8b54 d148 | 488b 4928 | 488b 4cd1 | 0851 80b9 
  0x000001b36d60aea0: 3101 0000 | 040f 840d | 0000 004c | 3bb9 3801 | 0000 0f85 | b600 0000 | 8b51 08f6 | c201 0f85 
  0x000001b36d60aec0: aa00 0000 | 498b 87b8 | 0100 0048 | 8d1c 1049 | 3b9f c801 | 0000 0f87 | 9200 0000 | 4989 9fb8 
  0x000001b36d60aee0: 0100 0048 | 83ea 100f | 840f 0000 | 0033 c9c1 | ea03 4889 | 4cd0 0848 | ffca 75f6 | 48c7 0001 
  0x000001b36d60af00: 0000 0059 | 33f6 8970 | 0c49 ba00 | 0000 00b3 | 0100 0049 | 2bca 8948 | 0849 ba42 | adc0 25fe 
  0x000001b36d60af20: 7f00 0041 | 803a 000f | 843c 0000 | 0050 488b | c848 83ec | 2040 f6c4 | 0f0f 8419 | 0000 0048 
  0x000001b36d60af40: 83ec 0848 | b850 ee70 | 25fe 7f00 | 00ff d048 | 83c4 08e9 | 0c00 0000 | 48b8 50ee | 7025 fe7f 
  0x000001b36d60af60: 0000 ffd0 | 4883 c420 | 58e9 cb00 | 0000 5948 | 8b55 e848 | 8b52 0848 | 8b52 0845 | 0fb7 4501 
  0x000001b36d60af80: 410f c841 | c1e8 10e8 | 0500 0000 | e9a8 0000 | 0048 8d44 | 2408 4c89 | 6dc0 498b | cfc5 f877 
  0x000001b36d60afa0: 4989 afb0 | 0300 0049 | 8987 a003 | 0000 4883 | ec20 40f6 | c40f 0f84 | 1900 0000 | 4883 ec08 
  0x000001b36d60afc0: 48b8 f01d | 3925 fe7f | 0000 ffd0 | 4883 c408 | e90c 0000 | 0048 b8f0 | 1d39 25fe | 7f00 00ff 
  0x000001b36d60afe0: d048 83c4 | 2049 c787 | a003 0000 | 0000 0000 | 49c7 87b0 | 0300 0000 | 0000 0049 | c787 a803 
  0x000001b36d60b000: 0000 0000 | 0000 c5f8 | 7749 837f | 0800 0f84 | 0500 0000 | e9a7 5efe | ff49 8b87 | f803 0000 
  0x000001b36d60b020: 49c7 87f8 | 0300 0000 | 0000 004c | 8b6d c04c | 8b75 c84e | 8d74 f500 | c341 0fb6 | 5d03 4983 
  0x000001b36d60b040: c503 49ba | 5076 c425 | fe7f 0000 | 41ff 24da 
[/MachCode]

---------------  P R O C E S S  ---------------

Threads class SMR info:
_java_thread_list=0x000001b347c92a10, length=33, elements={
0x000001b37a16cb50, 0x000001b37a16d1c0, 0x000001b37a16ff20, 0x000001b37a170590,
0x000001b37a174c10, 0x000001b37a176290, 0x000001b37a17a200, 0x000001b34503a0b0,
0x000001b34511aee0, 0x000001b3453c9780, 0x000001b3453c9df0, 0x000001b34665cf10,
0x000001b3465b10e0, 0x000001b34615f4d0, 0x000001b3473f73b0, 0x000001b3473f6d20,
0x000001b3473f7a40, 0x000001b348decd60, 0x000001b348dee110, 0x000001b348def4c0,
0x000001b348df0870, 0x000001b348df1c20, 0x000001b348df01e0, 0x000001b348defb50,
0x000001b348df1590, 0x000001b348df22b0, 0x000001b348deee30, 0x000001b3473f8df0,
0x000001b34b978560, 0x000001b34b977840, 0x000001b34b977ed0, 0x000001b34b9771b0,
0x000001b3473f6000
}

Java Threads: ( => current thread )
  0x000001b37a16cb50 JavaThread "Reference Handler"          daemon [_thread_blocked, id=9480, stack(0x0000004882b00000,0x0000004882c00000) (1024K)]
  0x000001b37a16d1c0 JavaThread "Finalizer"                  daemon [_thread_blocked, id=20724, stack(0x0000004882c00000,0x0000004882d00000) (1024K)]
  0x000001b37a16ff20 JavaThread "Signal Dispatcher"          daemon [_thread_blocked, id=13368, stack(0x0000004882d00000,0x0000004882e00000) (1024K)]
  0x000001b37a170590 JavaThread "Attach Listener"            daemon [_thread_blocked, id=11660, stack(0x0000004882e00000,0x0000004882f00000) (1024K)]
  0x000001b37a174c10 JavaThread "Service Thread"             daemon [_thread_blocked, id=22752, stack(0x0000004882f00000,0x0000004883000000) (1024K)]
  0x000001b37a176290 JavaThread "Monitor Deflation Thread"   daemon [_thread_blocked, id=19560, stack(0x0000004883000000,0x0000004883100000) (1024K)]
  0x000001b37a17a200 JavaThread "C2 CompilerThread0"         daemon [_thread_blocked, id=23604, stack(0x0000004883100000,0x0000004883200000) (1024K)]
  0x000001b34503a0b0 JavaThread "C1 CompilerThread0"         daemon [_thread_blocked, id=19352, stack(0x0000004883200000,0x0000004883300000) (1024K)]
  0x000001b34511aee0 JavaThread "Common-Cleaner"             daemon [_thread_blocked, id=7348, stack(0x0000004883300000,0x0000004883400000) (1024K)]
  0x000001b3453c9780 JavaThread "Monitor Ctrl-Break"         daemon [_thread_in_native, id=8040, stack(0x0000004883500000,0x0000004883600000) (1024K)]
  0x000001b3453c9df0 JavaThread "Notification Thread"        daemon [_thread_blocked, id=768, stack(0x0000004883600000,0x0000004883700000) (1024K)]
=>0x000001b34665cf10 JavaThread "RMI TCP Accept-0"           daemon [_thread_in_vm, id=8724, stack(0x0000004884100000,0x0000004884200000) (1024K)]
  0x000001b3465b10e0 JavaThread "RMI Scheduler(0)"           daemon [_thread_blocked, id=24524, stack(0x0000004884300000,0x0000004884400000) (1024K)]
  0x000001b34615f4d0 JavaThread "JMX server connection timeout 35" daemon [_thread_blocked, id=11568, stack(0x0000004884400000,0x0000004884500000) (1024K)]
  0x000001b3473f73b0 JavaThread "Catalina-utility-1"                [_thread_blocked, id=15608, stack(0x0000004884500000,0x0000004884600000) (1024K)]
  0x000001b3473f6d20 JavaThread "Catalina-utility-2"                [_thread_blocked, id=3796, stack(0x0000004884800000,0x0000004884900000) (1024K)]
  0x000001b3473f7a40 JavaThread "container-0"                       [_thread_blocked, id=18648, stack(0x0000004884900000,0x0000004884a00000) (1024K)]
  0x000001b348decd60 JavaThread "mysql-cj-abandoned-connection-cleanup" daemon [_thread_blocked, id=23596, stack(0x0000004884a00000,0x0000004884b00000) (1024K)]
  0x000001b348dee110 JavaThread "HikariPool-1:housekeeper"   daemon [_thread_blocked, id=10644, stack(0x0000004883400000,0x0000004883500000) (1024K)]
  0x000001b348def4c0 JavaThread "http-nio-8080-exec-1"       daemon [_thread_blocked, id=23360, stack(0x0000004884e00000,0x0000004884f00000) (1024K)]
  0x000001b348df0870 JavaThread "http-nio-8080-exec-2"       daemon [_thread_blocked, id=4900, stack(0x0000004884f00000,0x0000004885000000) (1024K)]
  0x000001b348df1c20 JavaThread "http-nio-8080-exec-3"       daemon [_thread_blocked, id=19420, stack(0x0000004885000000,0x0000004885100000) (1024K)]
  0x000001b348df01e0 JavaThread "http-nio-8080-exec-4"       daemon [_thread_blocked, id=17964, stack(0x0000004885100000,0x0000004885200000) (1024K)]
  0x000001b348defb50 JavaThread "http-nio-8080-exec-5"       daemon [_thread_blocked, id=15316, stack(0x0000004885200000,0x0000004885300000) (1024K)]
  0x000001b348df1590 JavaThread "http-nio-8080-exec-6"       daemon [_thread_blocked, id=16648, stack(0x0000004885300000,0x0000004885400000) (1024K)]
  0x000001b348df22b0 JavaThread "http-nio-8080-exec-7"       daemon [_thread_blocked, id=19568, stack(0x0000004885400000,0x0000004885500000) (1024K)]
  0x000001b348deee30 JavaThread "http-nio-8080-exec-8"       daemon [_thread_blocked, id=11892, stack(0x0000004885500000,0x0000004885600000) (1024K)]
  0x000001b3473f8df0 JavaThread "http-nio-8080-exec-9"       daemon [_thread_blocked, id=15144, stack(0x0000004885600000,0x0000004885700000) (1024K)]
  0x000001b34b978560 JavaThread "http-nio-8080-exec-10"      daemon [_thread_blocked, id=19936, stack(0x0000004885700000,0x0000004885800000) (1024K)]
  0x000001b34b977840 JavaThread "http-nio-8080-Poller"       daemon [_thread_in_native, id=21484, stack(0x0000004885800000,0x0000004885900000) (1024K)]
  0x000001b34b977ed0 JavaThread "http-nio-8080-Acceptor"     daemon [_thread_in_native, id=14956, stack(0x0000004885900000,0x0000004885a00000) (1024K)]
  0x000001b34b9771b0 JavaThread "DestroyJavaVM"                     [_thread_blocked, id=19808, stack(0x0000004882300000,0x0000004882400000) (1024K)]
  0x000001b3473f6000 JavaThread "RMI TCP Connection(13)-192.168.100.100" daemon [_thread_in_native, id=17340, stack(0x0000004882100000,0x0000004882200000) (1024K)]
Total: 33

Other Threads:
  0x000001b37a1512a0 VMThread "VM Thread"                           [id=19128, stack(0x0000004882a00000,0x0000004882b00000) (1024K)]
  0x000001b37a1393d0 WatcherThread "VM Periodic Task Thread"        [id=7904, stack(0x0000004882900000,0x0000004882a00000) (1024K)]
  0x000001b35d9ec910 WorkerThread "GC Thread#0"                     [id=11428, stack(0x0000004882400000,0x0000004882500000) (1024K)]
  0x000001b3458c9c60 WorkerThread "GC Thread#1"                     [id=13092, stack(0x0000004883800000,0x0000004883900000) (1024K)]
  0x000001b3458ca3c0 WorkerThread "GC Thread#2"                     [id=16752, stack(0x0000004883900000,0x0000004883a00000) (1024K)]
  0x000001b3458ca770 WorkerThread "GC Thread#3"                     [id=9100, stack(0x0000004883a00000,0x0000004883b00000) (1024K)]
  0x000001b3458cab20 WorkerThread "GC Thread#4"                     [id=16860, stack(0x0000004883b00000,0x0000004883c00000) (1024K)]
  0x000001b3458caed0 WorkerThread "GC Thread#5"                     [id=22708, stack(0x0000004883c00000,0x0000004883d00000) (1024K)]
  0x000001b3469adfa0 WorkerThread "GC Thread#6"                     [id=15760, stack(0x0000004883d00000,0x0000004883e00000) (1024K)]
  0x000001b3469aeab0 WorkerThread "GC Thread#7"                     [id=19236, stack(0x0000004883e00000,0x0000004883f00000) (1024K)]
  0x000001b3469ad840 WorkerThread "GC Thread#8"                     [id=5184, stack(0x0000004883f00000,0x0000004884000000) (1024K)]
  0x000001b3469aee60 WorkerThread "GC Thread#9"                     [id=4660, stack(0x0000004884000000,0x0000004884100000) (1024K)]
  0x000001b35da00bf0 ConcurrentGCThread "G1 Main Marker"            [id=8264, stack(0x0000004882500000,0x0000004882600000) (1024K)]
  0x000001b35da031e0 WorkerThread "G1 Conc#0"                       [id=13356, stack(0x0000004882600000,0x0000004882700000) (1024K)]
  0x000001b347c082a0 WorkerThread "G1 Conc#1"                       [id=3152, stack(0x0000004884600000,0x0000004884700000) (1024K)]
  0x000001b347c06170 WorkerThread "G1 Conc#2"                       [id=19888, stack(0x0000004884700000,0x0000004884800000) (1024K)]
  0x000001b35da4e8d0 ConcurrentGCThread "G1 Refine#0"               [id=18484, stack(0x0000004882700000,0x0000004882800000) (1024K)]
  0x000001b37a00b350 ConcurrentGCThread "G1 Service"                [id=1704, stack(0x0000004882800000,0x0000004882900000) (1024K)]
Total: 18

Threads with active compile tasks:
Total: 0

VM state: not at safepoint (normal execution)

VM Mutex/Monitor currently owned by a thread:  ([mutex/lock_event])
[0x00007ffe25c31890] Metaspace_lock - owner thread: 0x000001b34665cf10

OutOfMemory and StackOverflow Exception counts:
OutOfMemoryError java_heap_errors=1
LinkageErrors=155

Heap address: 0x0000000085c00000, size: 1956 MB, Compressed Oops mode: 32-bit

CDS archive(s) mapped at: [0x000001b300000000-0x000001b300d70000-0x000001b300d70000), size 14090240, SharedBaseAddress: 0x000001b300000000, ArchiveRelocationMode: 1.
Compressed class space mapped at: 0x000001b301000000-0x000001b341000000, reserved size: 1073741824
Narrow klass base: 0x000001b300000000, Narrow klass shift: 0, Narrow klass range: 0x41000000

GC Precious Log:
 CardTable entry size: 512
 Card Set container configuration: InlinePtr #cards 5 size 8 Array Of Cards #cards 10 size 36 Howl #buckets 4 coarsen threshold 1843 Howl Bitmap #cards 512 size 80 coarsen threshold 460 Card regions per heap region 1 cards per card region 2048
 CPUs: 12 total, 12 available
 Memory: 7817M
 Large Page Support: Disabled
 NUMA Support: Disabled
 Compressed Oops: Enabled (32-bit)
 Heap Region Size: 1M
 Heap Min Capacity: 8M
 Heap Initial Capacity: 124M
 Heap Max Capacity: 1956M
 Pre-touch: Disabled
 Parallel Workers: 10
 Concurrent Workers: 3
 Concurrent Refinement Workers: 10
 Periodic GC: Disabled

Heap:
 garbage-first heap   total reserved 2002944K, committed 63488K, used 54367K [0x0000000085c00000, 0x0000000100000000)
  region size 1024K, 23 young (23552K), 2 survivors (2048K)
 Metaspace       used 85824K, committed 86848K, reserved 1179648K
  class space    used 11431K, committed 11904K, reserved 1048576K

Heap Regions: E=young(eden), S=young(survivor), O=old, HS=humongous(starts), HC=humongous(continues), CS=collection set, F=free, TAMS=top-at-mark-start, PB=parsable bottom
|   0|0x0000000085c00000, 0x0000000085d00000, 0x0000000085d00000|100%|HS|  |TAMS 0x0000000085c00000| PB 0x0000000085c00000| Complete |  0
|   1|0x0000000085d00000, 0x0000000085e00000, 0x0000000085e00000|100%|HS|  |TAMS 0x0000000085d00000| PB 0x0000000085d00000| Complete |  0
|   2|0x0000000085e00000, 0x0000000085f00000, 0x0000000085f00000|100%| O|  |TAMS 0x0000000085e00000| PB 0x0000000085e00000| Untracked |  0
|   3|0x0000000085f00000, 0x0000000086000000, 0x0000000086000000|100%| O|  |TAMS 0x0000000085f00000| PB 0x0000000085f00000| Untracked |  0
|   4|0x0000000086000000, 0x0000000086100000, 0x0000000086100000|100%| O|  |TAMS 0x0000000086000000| PB 0x0000000086000000| Untracked |  0
|   5|0x0000000086100000, 0x0000000086100000, 0x0000000086200000|  0%| F|  |TAMS 0x0000000086100000| PB 0x0000000086100000| Untracked |  0
|   6|0x0000000086200000, 0x0000000086300000, 0x0000000086300000|100%| O|  |TAMS 0x0000000086200000| PB 0x0000000086200000| Untracked |  0
|   7|0x0000000086300000, 0x0000000086400000, 0x0000000086400000|100%| O|  |TAMS 0x0000000086300000| PB 0x0000000086300000| Untracked |  0
|   8|0x0000000086400000, 0x0000000086500000, 0x0000000086500000|100%| O|  |TAMS 0x0000000086400000| PB 0x0000000086400000| Untracked |  0
|   9|0x0000000086500000, 0x00000000865e8c90, 0x0000000086600000| 90%| O|  |TAMS 0x0000000086500000| PB 0x0000000086500000| Untracked |  0
|  10|0x0000000086600000, 0x0000000086700000, 0x0000000086700000|100%| O|  |TAMS 0x0000000086600000| PB 0x0000000086600000| Untracked |  0
|  11|0x0000000086700000, 0x0000000086800000, 0x0000000086800000|100%| O|  |TAMS 0x0000000086700000| PB 0x0000000086700000| Untracked |  0
|  12|0x0000000086800000, 0x0000000086900000, 0x0000000086900000|100%| O|  |TAMS 0x0000000086800000| PB 0x0000000086800000| Untracked |  0
|  13|0x0000000086900000, 0x0000000086a00000, 0x0000000086a00000|100%| O|  |TAMS 0x0000000086900000| PB 0x0000000086900000| Untracked |  0
|  14|0x0000000086a00000, 0x0000000086b00000, 0x0000000086b00000|100%| O|  |TAMS 0x0000000086a00000| PB 0x0000000086a00000| Untracked |  0
|  15|0x0000000086b00000, 0x0000000086c00000, 0x0000000086c00000|100%| O|  |TAMS 0x0000000086b00000| PB 0x0000000086b00000| Untracked |  0
|  16|0x0000000086c00000, 0x0000000086c00000, 0x0000000086d00000|  0%| F|  |TAMS 0x0000000086c00000| PB 0x0000000086c00000| Untracked |  0
|  17|0x0000000086d00000, 0x0000000086d00000, 0x0000000086e00000|  0%| F|  |TAMS 0x0000000086d00000| PB 0x0000000086d00000| Untracked |  0
|  18|0x0000000086e00000, 0x0000000086f00000, 0x0000000086f00000|100%| O|  |TAMS 0x0000000086e00000| PB 0x0000000086e00000| Untracked |  0
|  19|0x0000000086f00000, 0x0000000087000000, 0x0000000087000000|100%| O|  |TAMS 0x0000000086f00000| PB 0x0000000086f00000| Untracked |  0
|  20|0x0000000087000000, 0x0000000087100000, 0x0000000087100000|100%| O|  |TAMS 0x0000000087000000| PB 0x0000000087000000| Untracked |  0
|  21|0x0000000087100000, 0x0000000087200000, 0x0000000087200000|100%| O|  |TAMS 0x0000000087100000| PB 0x0000000087100000| Untracked |  0
|  22|0x0000000087200000, 0x0000000087300000, 0x0000000087300000|100%| O|  |TAMS 0x0000000087200000| PB 0x0000000087200000| Untracked |  0
|  23|0x0000000087300000, 0x0000000087400000, 0x0000000087400000|100%| O|  |TAMS 0x0000000087300000| PB 0x0000000087300000| Untracked |  0
|  24|0x0000000087400000, 0x0000000087500000, 0x0000000087500000|100%| O|  |TAMS 0x0000000087400000| PB 0x0000000087400000| Untracked |  0
|  25|0x0000000087500000, 0x0000000087600000, 0x0000000087600000|100%| O|  |TAMS 0x0000000087500000| PB 0x0000000087500000| Untracked |  0
|  26|0x0000000087600000, 0x0000000087700000, 0x0000000087700000|100%| O|  |TAMS 0x0000000087600000| PB 0x0000000087600000| Untracked |  0
|  27|0x0000000087700000, 0x0000000087800000, 0x0000000087800000|100%| O|  |TAMS 0x0000000087700000| PB 0x0000000087700000| Untracked |  0
|  28|0x0000000087800000, 0x0000000087900000, 0x0000000087900000|100%| O|  |TAMS 0x0000000087800000| PB 0x0000000087800000| Untracked |  0
|  29|0x0000000087900000, 0x0000000087a00000, 0x0000000087a00000|100%| O|  |TAMS 0x0000000087900000| PB 0x0000000087900000| Untracked |  0
|  30|0x0000000087a00000, 0x0000000087b00000, 0x0000000087b00000|100%| O|  |TAMS 0x0000000087a00000| PB 0x0000000087a00000| Untracked |  0
|  31|0x0000000087b00000, 0x0000000087b00000, 0x0000000087c00000|  0%| F|  |TAMS 0x0000000087b00000| PB 0x0000000087b00000| Untracked |  0
|  32|0x0000000087c00000, 0x0000000087d00000, 0x0000000087d00000|100%| O|  |TAMS 0x0000000087c00000| PB 0x0000000087c00000| Untracked |  0
|  33|0x0000000087d00000, 0x0000000087e00000, 0x0000000087e00000|100%| O|  |TAMS 0x0000000087d00000| PB 0x0000000087d00000| Untracked |  0
|  34|0x0000000087e00000, 0x0000000087f00000, 0x0000000087f00000|100%| O|  |TAMS 0x0000000087e00000| PB 0x0000000087e00000| Untracked |  0
|  35|0x0000000087f00000, 0x0000000087f2f1c0, 0x0000000088000000| 18%| S|CS|TAMS 0x0000000087f00000| PB 0x0000000087f00000| Complete |  0
|  36|0x0000000088000000, 0x0000000088000000, 0x0000000088100000|  0%| F|  |TAMS 0x0000000088000000| PB 0x0000000088000000| Untracked |  0
|  37|0x0000000088100000, 0x0000000088200000, 0x0000000088200000|100%| S|CS|TAMS 0x0000000088100000| PB 0x0000000088100000| Complete |  0
|  38|0x0000000088200000, 0x0000000088300000, 0x0000000088300000|100%| O|  |TAMS 0x0000000088200000| PB 0x0000000088200000| Untracked |  0
|  39|0x0000000088300000, 0x0000000088300000, 0x0000000088400000|  0%| F|  |TAMS 0x0000000088300000| PB 0x0000000088300000| Untracked |  0
|  40|0x0000000088400000, 0x0000000088400000, 0x0000000088500000|  0%| F|  |TAMS 0x0000000088400000| PB 0x0000000088400000| Untracked |  0
|  41|0x0000000088500000, 0x000000008850d0b0, 0x0000000088600000|  5%| E|  |TAMS 0x0000000088500000| PB 0x0000000088500000| Complete |  0
|  42|0x0000000088600000, 0x0000000088700000, 0x0000000088700000|100%| E|CS|TAMS 0x0000000088600000| PB 0x0000000088600000| Complete |  0
|  43|0x0000000088700000, 0x0000000088800000, 0x0000000088800000|100%| E|CS|TAMS 0x0000000088700000| PB 0x0000000088700000| Complete |  0
|  44|0x0000000088800000, 0x0000000088900000, 0x0000000088900000|100%| E|CS|TAMS 0x0000000088800000| PB 0x0000000088800000| Complete |  0
|  45|0x0000000088900000, 0x0000000088a00000, 0x0000000088a00000|100%| E|CS|TAMS 0x0000000088900000| PB 0x0000000088900000| Complete |  0
|  46|0x0000000088a00000, 0x0000000088b00000, 0x0000000088b00000|100%| E|CS|TAMS 0x0000000088a00000| PB 0x0000000088a00000| Complete |  0
|  47|0x0000000088b00000, 0x0000000088c00000, 0x0000000088c00000|100%| E|CS|TAMS 0x0000000088b00000| PB 0x0000000088b00000| Complete |  0
|  48|0x0000000088c00000, 0x0000000088d00000, 0x0000000088d00000|100%| E|CS|TAMS 0x0000000088c00000| PB 0x0000000088c00000| Complete |  0
|  49|0x0000000088d00000, 0x0000000088e00000, 0x0000000088e00000|100%| E|CS|TAMS 0x0000000088d00000| PB 0x0000000088d00000| Complete |  0
|  50|0x0000000088e00000, 0x0000000088f00000, 0x0000000088f00000|100%| E|CS|TAMS 0x0000000088e00000| PB 0x0000000088e00000| Complete |  0
|  51|0x0000000088f00000, 0x0000000089000000, 0x0000000089000000|100%| E|CS|TAMS 0x0000000088f00000| PB 0x0000000088f00000| Complete |  0
|  52|0x0000000089000000, 0x0000000089100000, 0x0000000089100000|100%| E|CS|TAMS 0x0000000089000000| PB 0x0000000089000000| Complete |  0
|  53|0x0000000089100000, 0x0000000089200000, 0x0000000089200000|100%| E|CS|TAMS 0x0000000089100000| PB 0x0000000089100000| Complete |  0
|  54|0x0000000089200000, 0x0000000089300000, 0x0000000089300000|100%| E|CS|TAMS 0x0000000089200000| PB 0x0000000089200000| Complete |  0
|  55|0x0000000089300000, 0x0000000089400000, 0x0000000089400000|100%| E|CS|TAMS 0x0000000089300000| PB 0x0000000089300000| Complete |  0
|  56|0x0000000089400000, 0x0000000089500000, 0x0000000089500000|100%| E|CS|TAMS 0x0000000089400000| PB 0x0000000089400000| Complete |  0
|  94|0x000000008ba00000, 0x000000008bb00000, 0x000000008bb00000|100%| E|CS|TAMS 0x000000008ba00000| PB 0x000000008ba00000| Complete |  0
|  95|0x000000008bb00000, 0x000000008bc00000, 0x000000008bc00000|100%| E|CS|TAMS 0x000000008bb00000| PB 0x000000008bb00000| Complete |  0
|  96|0x000000008bc00000, 0x000000008bd00000, 0x000000008bd00000|100%| E|CS|TAMS 0x000000008bc00000| PB 0x000000008bc00000| Complete |  0
|  97|0x000000008bd00000, 0x000000008be00000, 0x000000008be00000|100%| E|CS|TAMS 0x000000008bd00000| PB 0x000000008bd00000| Complete |  0
| 123|0x000000008d700000, 0x000000008d800000, 0x000000008d800000|100%| E|CS|TAMS 0x000000008d700000| PB 0x000000008d700000| Complete |  0

Card table byte_map: [0x000001b375b00000,0x000001b375ee0000] _byte_map_base: 0x000001b3756d2000

Marking Bits: (CMBitMap*) 0x000001b35d9ecf30
 Bits: [0x000001b375ee0000, 0x000001b377d70000)

Polling page: 0x000001b35b740000

Metaspace:

Usage:
  Non-class:     72.65 MB used.
      Class:     11.16 MB used.
       Both:     83.81 MB used.

Virtual space:
  Non-class space:      128.00 MB reserved,      73.19 MB ( 57%) committed,  2 nodes.
      Class space:        1.00 GB reserved,      11.62 MB (  1%) committed,  1 nodes.
             Both:        1.12 GB reserved,      84.81 MB (  7%) committed. 

Chunk freelists:
   Non-Class:  6.93 MB
       Class:  4.40 MB
        Both:  11.33 MB

MaxMetaspaceSize: unlimited
CompressedClassSpaceSize: 1.00 GB
Initial GC threshold: 21.00 MB
Current GC threshold: 141.06 MB
CDS: on
 - commit_granule_bytes: 65536.
 - commit_granule_words: 8192.
 - virtual_space_node_default_size: 8388608.
 - enlarge_chunks_in_place: 1.
 - use_allocation_guard: 0.


Internal statistics:

num_allocs_failed_limit: 8.
num_arena_births: 1152.
num_arena_deaths: 348.
num_vsnodes_births: 3.
num_vsnodes_deaths: 0.
num_space_committed: 1357.
num_space_uncommitted: 0.
num_chunks_returned_to_freelist: 402.
num_chunks_taken_from_freelist: 4202.
num_chunk_merges: 109.
num_chunk_splits: 2947.
num_chunks_enlarged: 2214.
num_inconsistent_stats: 0.

CodeHeap 'non-profiled nmethods': size=120064Kb used=5667Kb max_used=5667Kb free=114396Kb
 bounds [0x000001b36db80000, 0x000001b36e140000, 0x000001b3750c0000]
CodeHeap 'profiled nmethods': size=120000Kb used=14616Kb max_used=17222Kb free=105383Kb
 bounds [0x000001b3660c0000, 0x000001b3671a0000, 0x000001b36d5f0000]
CodeHeap 'non-nmethods': size=5696Kb used=1769Kb max_used=1839Kb free=3926Kb
 bounds [0x000001b36d5f0000, 0x000001b36d860000, 0x000001b36db80000]
CodeCache: size=245760Kb, used=22052Kb, max_used=24728Kb, free=223705Kb
 total_blobs=9835, nmethods=9036, adapters=702, full_count=0
Compilation: enabled, stopped_count=0, restarted_count=0

Compilation events (20 events):
Event: 9247.740 Thread 0x000001b34503a0b0 13889       3       java.security.MessageDigestSpi::clone (46 bytes)
Event: 9247.743 Thread 0x000001b34503a0b0 nmethod 13889 0x000001b366988988 code [0x000001b366988ae0, 0x000001b366989078]
Event: 9247.743 Thread 0x000001b34503a0b0 13890   !   3       javax.crypto.Cipher::chooseProvider (357 bytes)
Event: 9247.752 Thread 0x000001b34503a0b0 nmethod 13890 0x000001b3667e7d88 code [0x000001b3667e8140, 0x000001b3667ea490]
Event: 9247.849 Thread 0x000001b34503a0b0 13891       3       com.mysql.cj.CharsetMapping::getStaticMysqlCharsetNameForCollationIndex (32 bytes)
Event: 9247.856 Thread 0x000001b34503a0b0 nmethod 13891 0x000001b36691a708 code [0x000001b36691a860, 0x000001b36691ac20]
Event: 9266.462 Thread 0x000001b34503a0b0 13892       3       java.util.EnumMap::<init> (35 bytes)
Event: 9266.464 Thread 0x000001b37a17a200 13894       4       sun.security.ssl.Record::putInt16 (31 bytes)
Event: 9266.471 Thread 0x000001b34503a0b0 nmethod 13892 0x000001b366b51388 code [0x000001b366b51500, 0x000001b366b51b00]
Event: 9266.471 Thread 0x000001b34503a0b0 13895       3       sun.security.util.math.intpoly.IntegerPolynomial::carry (11 bytes)
Event: 9266.476 Thread 0x000001b37a17a200 nmethod 13894 0x000001b36de25008 code [0x000001b36de25120, 0x000001b36de25328]
Event: 9266.476 Thread 0x000001b34503a0b0 nmethod 13895 0x000001b36662c808 code [0x000001b36662c920, 0x000001b36662caf8]
Event: 9266.476 Thread 0x000001b34503a0b0 13893       3       java.util.EnumMap::getKeyUniverse (10 bytes)
Event: 9266.477 Thread 0x000001b34503a0b0 nmethod 13893 0x000001b3669efc08 code [0x000001b3669efd40, 0x000001b3669f0050]
Event: 9267.857 Thread 0x000001b34503a0b0 13896       1       java.lang.Throwable::getMessage (5 bytes)
Event: 9267.857 Thread 0x000001b34503a0b0 nmethod 13896 0x000001b36de24b88 code [0x000001b36de24ca0, 0x000001b36de24d68]
Event: 9267.995 Thread 0x000001b37a17a200 13897       4       java.util.EnumMap::get (29 bytes)
Event: 9267.998 Thread 0x000001b37a17a200 nmethod 13897 0x000001b36de41988 code [0x000001b36de41aa0, 0x000001b36de41c08]
Event: 9308.100 Thread 0x000001b37a17a200 13898       4       java.lang.invoke.LambdaForm$MH/0x000001b3010c8000::invoke (46 bytes)
Event: 9308.136 Thread 0x000001b37a17a200 nmethod 13898 0x000001b36de41608 code [0x000001b36de41740, 0x000001b36de418f8]

GC Heap History (20 events):
Event: 1796.670 GC heap before
{Heap before GC invocations=39 (full 0):
 garbage-first heap   total reserved 2002944K, committed 63488K, used 55934K [0x0000000085c00000, 0x0000000100000000)
  region size 1024K, 21 young (21504K), 2 survivors (2048K)
 Metaspace       used 85798K, committed 86592K, reserved 1179648K
  class space    used 11513K, committed 11904K, reserved 1048576K
}
Event: 1796.892 GC heap after
{Heap after GC invocations=40 (full 0):
 garbage-first heap   total reserved 2002944K, committed 63488K, used 36076K [0x0000000085c00000, 0x0000000100000000)
  region size 1024K, 2 young (2048K), 2 survivors (2048K)
 Metaspace       used 85798K, committed 86592K, reserved 1179648K
  class space    used 11513K, committed 11904K, reserved 1048576K
}
Event: 2302.603 GC heap before
{Heap before GC invocations=40 (full 0):
 garbage-first heap   total reserved 2002944K, committed 63488K, used 55532K [0x0000000085c00000, 0x0000000100000000)
  region size 1024K, 22 young (22528K), 2 survivors (2048K)
 Metaspace       used 85840K, committed 86656K, reserved 1179648K
  class space    used 11513K, committed 11904K, reserved 1048576K
}
Event: 2302.798 GC heap after
{Heap after GC invocations=41 (full 0):
 garbage-first heap   total reserved 2002944K, committed 63488K, used 35962K [0x0000000085c00000, 0x0000000100000000)
  region size 1024K, 2 young (2048K), 2 survivors (2048K)
 Metaspace       used 85840K, committed 86656K, reserved 1179648K
  class space    used 11513K, committed 11904K, reserved 1048576K
}
Event: 2928.588 GC heap before
{Heap before GC invocations=42 (full 0):
 garbage-first heap   total reserved 2002944K, committed 63488K, used 56442K [0x0000000085c00000, 0x0000000100000000)
  region size 1024K, 22 young (22528K), 2 survivors (2048K)
 Metaspace       used 85591K, committed 86720K, reserved 1179648K
  class space    used 11425K, committed 11904K, reserved 1048576K
}
Event: 2928.686 GC heap after
{Heap after GC invocations=43 (full 0):
 garbage-first heap   total reserved 2002944K, committed 63488K, used 36218K [0x0000000085c00000, 0x0000000100000000)
  region size 1024K, 2 young (2048K), 2 survivors (2048K)
 Metaspace       used 85591K, committed 86720K, reserved 1179648K
  class space    used 11425K, committed 11904K, reserved 1048576K
}
Event: 3660.113 GC heap before
{Heap before GC invocations=43 (full 0):
 garbage-first heap   total reserved 2002944K, committed 63488K, used 56698K [0x0000000085c00000, 0x0000000100000000)
  region size 1024K, 22 young (22528K), 2 survivors (2048K)
 Metaspace       used 85621K, committed 86720K, reserved 1179648K
  class space    used 11426K, committed 11904K, reserved 1048576K
}
Event: 3660.319 GC heap after
{Heap after GC invocations=44 (full 0):
 garbage-first heap   total reserved 2002944K, committed 63488K, used 35802K [0x0000000085c00000, 0x0000000100000000)
  region size 1024K, 2 young (2048K), 2 survivors (2048K)
 Metaspace       used 85621K, committed 86720K, reserved 1179648K
  class space    used 11426K, committed 11904K, reserved 1048576K
}
Event: 4488.758 GC heap before
{Heap before GC invocations=44 (full 0):
 garbage-first heap   total reserved 2002944K, committed 63488K, used 56282K [0x0000000085c00000, 0x0000000100000000)
  region size 1024K, 22 young (22528K), 2 survivors (2048K)
 Metaspace       used 85645K, committed 86720K, reserved 1179648K
  class space    used 11426K, committed 11904K, reserved 1048576K
}
Event: 4488.922 GC heap after
{Heap after GC invocations=45 (full 0):
 garbage-first heap   total reserved 2002944K, committed 63488K, used 35347K [0x0000000085c00000, 0x0000000100000000)
  region size 1024K, 2 young (2048K), 2 survivors (2048K)
 Metaspace       used 85645K, committed 86720K, reserved 1179648K
  class space    used 11426K, committed 11904K, reserved 1048576K
}
Event: 5230.315 GC heap before
{Heap before GC invocations=45 (full 0):
 garbage-first heap   total reserved 2002944K, committed 63488K, used 55827K [0x0000000085c00000, 0x0000000100000000)
  region size 1024K, 22 young (22528K), 2 survivors (2048K)
 Metaspace       used 85691K, committed 86784K, reserved 1179648K
  class space    used 11427K, committed 11904K, reserved 1048576K
}
Event: 5230.406 GC heap after
{Heap after GC invocations=46 (full 0):
 garbage-first heap   total reserved 2002944K, committed 63488K, used 35103K [0x0000000085c00000, 0x0000000100000000)
  region size 1024K, 2 young (2048K), 2 survivors (2048K)
 Metaspace       used 85691K, committed 86784K, reserved 1179648K
  class space    used 11427K, committed 11904K, reserved 1048576K
}
Event: 6098.601 GC heap before
{Heap before GC invocations=46 (full 0):
 garbage-first heap   total reserved 2002944K, committed 63488K, used 56607K [0x0000000085c00000, 0x0000000100000000)
  region size 1024K, 23 young (23552K), 2 survivors (2048K)
 Metaspace       used 85709K, committed 86784K, reserved 1179648K
  class space    used 11427K, committed 11904K, reserved 1048576K
}
Event: 6098.657 GC heap after
{Heap after GC invocations=47 (full 0):
 garbage-first heap   total reserved 2002944K, committed 63488K, used 34704K [0x0000000085c00000, 0x0000000100000000)
  region size 1024K, 2 young (2048K), 2 survivors (2048K)
 Metaspace       used 85709K, committed 86784K, reserved 1179648K
  class space    used 11427K, committed 11904K, reserved 1048576K
}
Event: 6886.940 GC heap before
{Heap before GC invocations=47 (full 0):
 garbage-first heap   total reserved 2002944K, committed 63488K, used 56208K [0x0000000085c00000, 0x0000000100000000)
  region size 1024K, 23 young (23552K), 2 survivors (2048K)
 Metaspace       used 85738K, committed 86784K, reserved 1179648K
  class space    used 11427K, committed 11904K, reserved 1048576K
}
Event: 6886.975 GC heap after
{Heap after GC invocations=48 (full 0):
 garbage-first heap   total reserved 2002944K, committed 63488K, used 34499K [0x0000000085c00000, 0x0000000100000000)
  region size 1024K, 2 young (2048K), 2 survivors (2048K)
 Metaspace       used 85738K, committed 86784K, reserved 1179648K
  class space    used 11427K, committed 11904K, reserved 1048576K
}
Event: 7748.051 GC heap before
{Heap before GC invocations=48 (full 0):
 garbage-first heap   total reserved 2002944K, committed 63488K, used 56003K [0x0000000085c00000, 0x0000000100000000)
  region size 1024K, 23 young (23552K), 2 survivors (2048K)
 Metaspace       used 85762K, committed 86848K, reserved 1179648K
  class space    used 11427K, committed 11904K, reserved 1048576K
}
Event: 7748.108 GC heap after
{Heap after GC invocations=49 (full 0):
 garbage-first heap   total reserved 2002944K, committed 63488K, used 34059K [0x0000000085c00000, 0x0000000100000000)
  region size 1024K, 2 young (2048K), 2 survivors (2048K)
 Metaspace       used 85762K, committed 86848K, reserved 1179648K
  class space    used 11427K, committed 11904K, reserved 1048576K
}
Event: 8636.251 GC heap before
{Heap before GC invocations=49 (full 0):
 garbage-first heap   total reserved 2002944K, committed 63488K, used 56587K [0x0000000085c00000, 0x0000000100000000)
  region size 1024K, 24 young (24576K), 2 survivors (2048K)
 Metaspace       used 85792K, committed 86848K, reserved 1179648K
  class space    used 11427K, committed 11904K, reserved 1048576K
}
Event: 8636.300 GC heap after
{Heap after GC invocations=50 (full 0):
 garbage-first heap   total reserved 2002944K, committed 63488K, used 33887K [0x0000000085c00000, 0x0000000100000000)
  region size 1024K, 2 young (2048K), 2 survivors (2048K)
 Metaspace       used 85792K, committed 86848K, reserved 1179648K
  class space    used 11427K, committed 11904K, reserved 1048576K
}

Dll operation events (14 events):
Event: 0.012 Loaded shared library C:\Program Files\Java\jdk-23\bin\java.dll
Event: 0.049 Loaded shared library C:\Program Files\Java\jdk-23\bin\jsvml.dll
Event: 0.125 Loaded shared library C:\Program Files\Java\jdk-23\bin\zip.dll
Event: 0.129 Loaded shared library C:\Program Files\Java\jdk-23\bin\instrument.dll
Event: 0.140 Loaded shared library C:\Program Files\Java\jdk-23\bin\net.dll
Event: 0.143 Loaded shared library C:\Program Files\Java\jdk-23\bin\nio.dll
Event: 0.145 Loaded shared library C:\Program Files\Java\jdk-23\bin\zip.dll
Event: 0.249 Loaded shared library C:\Program Files\JetBrains\IntelliJ IDEA 2024.3.1\bin\breakgen64.dll
Event: 0.264 Loaded shared library C:\Program Files\Java\jdk-23\bin\extnet.dll
Event: 0.293 Loaded shared library C:\Program Files\Java\jdk-23\bin\jimage.dll
Event: 0.377 Loaded shared library C:\Program Files\Java\jdk-23\bin\management.dll
Event: 0.390 Loaded shared library C:\Program Files\Java\jdk-23\bin\management_ext.dll
Event: 2.180 Loaded shared library C:\Program Files\Java\jdk-23\bin\sunmscapi.dll
Event: 4.862 Loaded shared library C:\Program Files\Java\jdk-23\bin\verify.dll

Deoptimization events (20 events):
Event: 9189.092 Thread 0x000001b348deb320 Uncommon trap: trap_request=0xffffffbe fr.pc=0x000001b36dd43f9c relative=0x00000000000002fc
Event: 9189.092 Thread 0x000001b348deb320 Uncommon trap: reason=profile_predicate action=maybe_recompile pc=0x000001b36dd43f9c method=sun.security.provider.HashDrbg.addBytes([BI[[B)V @ 36 c2
Event: 9189.092 Thread 0x000001b348deb320 DEOPT PACKING pc=0x000001b36dd43f9c sp=0x00000048822fdbd0
Event: 9189.092 Thread 0x000001b348deb320 DEOPT UNPACKING pc=0x000001b36d644402 sp=0x00000048822fdb20 mode 2
Event: 9189.097 Thread 0x000001b348deb320 Uncommon trap: trap_request=0xffffffbe fr.pc=0x000001b36dd43f9c relative=0x00000000000002fc
Event: 9189.097 Thread 0x000001b348deb320 Uncommon trap: reason=profile_predicate action=maybe_recompile pc=0x000001b36dd43f9c method=sun.security.provider.HashDrbg.addBytes([BI[[B)V @ 36 c2
Event: 9189.097 Thread 0x000001b348deb320 DEOPT PACKING pc=0x000001b36dd43f9c sp=0x00000048822fdbd0
Event: 9189.098 Thread 0x000001b348deb320 DEOPT UNPACKING pc=0x000001b36d644402 sp=0x00000048822fdb20 mode 2
Event: 9191.286 Thread 0x000001b348deb320 Uncommon trap: trap_request=0xffffffbe fr.pc=0x000001b36dd43f9c relative=0x00000000000002fc
Event: 9191.286 Thread 0x000001b348deb320 Uncommon trap: reason=profile_predicate action=maybe_recompile pc=0x000001b36dd43f9c method=sun.security.provider.HashDrbg.addBytes([BI[[B)V @ 36 c2
Event: 9191.286 Thread 0x000001b348deb320 DEOPT PACKING pc=0x000001b36dd43f9c sp=0x00000048822fe8c0
Event: 9191.286 Thread 0x000001b348deb320 DEOPT UNPACKING pc=0x000001b36d644402 sp=0x00000048822fe810 mode 2
Event: 9191.506 Thread 0x000001b348deb320 Uncommon trap: trap_request=0xffffffbe fr.pc=0x000001b36dd43f9c relative=0x00000000000002fc
Event: 9191.506 Thread 0x000001b348deb320 Uncommon trap: reason=profile_predicate action=maybe_recompile pc=0x000001b36dd43f9c method=sun.security.provider.HashDrbg.addBytes([BI[[B)V @ 36 c2
Event: 9191.506 Thread 0x000001b348deb320 DEOPT PACKING pc=0x000001b36dd43f9c sp=0x00000048822fdb30
Event: 9191.506 Thread 0x000001b348deb320 DEOPT UNPACKING pc=0x000001b36d644402 sp=0x00000048822fda80 mode 2
Event: 9308.079 Thread 0x000001b34665cf10 Uncommon trap: trap_request=0xffffffc6 fr.pc=0x000001b36e0327a8 relative=0x0000000000000948
Event: 9308.080 Thread 0x000001b34665cf10 Uncommon trap: reason=bimorphic_or_optimized_type_check action=maybe_recompile pc=0x000001b36e0327a8 method=java.util.stream.FindOps$FindOp.evaluateSequential(Ljava/util/stream/PipelineHelper;Ljava/util/Spliterator;)Ljava/lang/Object; @ 14 c2
Event: 9308.080 Thread 0x000001b34665cf10 DEOPT PACKING pc=0x000001b36e0327a8 sp=0x00000048841f9a30
Event: 9308.081 Thread 0x000001b34665cf10 DEOPT UNPACKING pc=0x000001b36d644402 sp=0x00000048841f99f0 mode 2

Classes loaded (20 events):
Event: 933.617 Loading class java/util/function/IntBinaryOperator done
Event: 933.617 Loading class java/util/stream/ReduceOps$7
Event: 933.619 Loading class java/util/stream/ReduceOps$7 done
Event: 933.619 Loading class java/util/stream/ReduceOps$6ReducingSink
Event: 933.620 Loading class java/util/stream/ReduceOps$6ReducingSink done
Event: 933.620 Loading class java/util/stream/ReferencePipeline$4$1
Event: 933.620 Loading class java/util/stream/ReferencePipeline$4$1 done
Event: 4872.749 Loading class javax/crypto/AEADBadTagException
Event: 4872.781 Loading class javax/crypto/AEADBadTagException done
Event: 4873.008 Loading class javax/net/ssl/SSLHandshakeException
Event: 4873.018 Loading class javax/net/ssl/SSLHandshakeException done
Event: 9307.651 Loading class java/util/stream/SliceOps
Event: 9307.735 Loading class java/util/stream/SliceOps done
Event: 9307.737 Loading class java/util/stream/SliceOps$1
Event: 9307.767 Loading class java/util/stream/SliceOps$1 done
Event: 9308.081 Loading class java/util/stream/SliceOps$1$1
Event: 9308.089 Loading class java/util/stream/SliceOps$1$1 done
Event: 9308.202 Loading class java/util/WeakHashMap$Values
Event: 9308.210 Loading class java/util/WeakHashMap$Values done
Event: 9308.210 Loading class java/util/WeakHashMap$ValueIterator

Classes unloaded (20 events):
Event: 2303.093 Thread 0x000001b37a1512a0 Unloading class 0x000001b3010d8000 'java/lang/invoke/LambdaForm$DMH+0x000001b3010d8000'
Event: 2303.093 Thread 0x000001b37a1512a0 Unloading class 0x000001b3010d4400 'java/lang/invoke/LambdaForm$DMH+0x000001b3010d4400'
Event: 2303.094 Thread 0x000001b37a1512a0 Unloading class 0x000001b3010c3800 'java/lang/invoke/LambdaForm$MH+0x000001b3010c3800'
Event: 2303.094 Thread 0x000001b37a1512a0 Unloading class 0x000001b30102c000 'java/lang/invoke/LambdaForm$MH+0x000001b30102c000'
Event: 2303.094 Thread 0x000001b37a1512a0 Unloading class 0x000001b301025000 'java/lang/invoke/LambdaForm$MH+0x000001b301025000'
Event: 2303.094 Thread 0x000001b37a1512a0 Unloading class 0x000001b301024c00 'java/lang/invoke/LambdaForm$MH+0x000001b301024c00'
Event: 2303.095 Thread 0x000001b37a1512a0 Unloading class 0x000001b30101b800 'java/lang/invoke/LambdaForm$MH+0x000001b30101b800'
Event: 2303.095 Thread 0x000001b37a1512a0 Unloading class 0x000001b30101ac00 'java/lang/invoke/LambdaForm$MH+0x000001b30101ac00'
Event: 2303.095 Thread 0x000001b37a1512a0 Unloading class 0x000001b30101a800 'java/lang/invoke/LambdaForm$MH+0x000001b30101a800'
Event: 2303.095 Thread 0x000001b37a1512a0 Unloading class 0x000001b30101a000 'java/lang/invoke/LambdaForm$MH+0x000001b30101a000'
Event: 2303.095 Thread 0x000001b37a1512a0 Unloading class 0x000001b301019c00 'java/lang/invoke/LambdaForm$MH+0x000001b301019c00'
Event: 2303.095 Thread 0x000001b37a1512a0 Unloading class 0x000001b301019800 'java/lang/invoke/LambdaForm$MH+0x000001b301019800'
Event: 2303.095 Thread 0x000001b37a1512a0 Unloading class 0x000001b301018800 'java/lang/invoke/LambdaForm$MH+0x000001b301018800'
Event: 2303.095 Thread 0x000001b37a1512a0 Unloading class 0x000001b301015800 'java/lang/invoke/LambdaForm$MH+0x000001b301015800'
Event: 2303.095 Thread 0x000001b37a1512a0 Unloading class 0x000001b301015000 'java/lang/invoke/LambdaForm$MH+0x000001b301015000'
Event: 2303.095 Thread 0x000001b37a1512a0 Unloading class 0x000001b301014800 'java/lang/invoke/LambdaForm$MH+0x000001b301014800'
Event: 2303.095 Thread 0x000001b37a1512a0 Unloading class 0x000001b301002000 'java/lang/invoke/LambdaForm$MH+0x000001b301002000'
Event: 2303.096 Thread 0x000001b37a1512a0 Unloading class 0x000001b301001c00 'java/lang/invoke/LambdaForm$MH+0x000001b301001c00'
Event: 2303.096 Thread 0x000001b37a1512a0 Unloading class 0x000001b301001800 'java/lang/invoke/LambdaForm$MH+0x000001b301001800'
Event: 2303.096 Thread 0x000001b37a1512a0 Unloading class 0x000001b301001000 'java/lang/invoke/LambdaForm$MH+0x000001b301001000'

Classes redefined (0 events):
No events

Internal exceptions (20 events):
Event: 9191.284 Thread 0x000001b348dee110 Exception <a 'java/lang/NullPointerException'{0x0000000088b6ec88}> (0x0000000088b6ec88) 
thrown [s\open\src\hotspot\share\runtime\sharedRuntime.cpp, line 1207]
Event: 9203.545 Thread 0x000001b348dee110 Exception <a 'sun/net/ConnectionResetException'{0x0000000088bd4b18}: Connection reset> (0x0000000088bd4b18) 
thrown [s\open\src\hotspot\share\prims\jni.cpp, line 539]
Event: 9203.545 Thread 0x000001b348dee110 Exception <a 'java/io/IOException'{0x0000000088a01328}: Connection reset by peer> (0x0000000088a01328) 
thrown [s\open\src\hotspot\share\prims\jni.cpp, line 539]
Event: 9203.550 Thread 0x000001b348dee110 Exception <a 'java/lang/NullPointerException'{0x0000000088a048b0}> (0x0000000088a048b0) 
thrown [s\open\src\hotspot\share\runtime\sharedRuntime.cpp, line 1207]
Event: 9207.676 Thread 0x000001b348dee110 Exception <a 'sun/net/ConnectionResetException'{0x0000000088a07948}: Connection reset> (0x0000000088a07948) 
thrown [s\open\src\hotspot\share\prims\jni.cpp, line 539]
Event: 9207.677 Thread 0x000001b348dee110 Exception <a 'java/io/IOException'{0x0000000088aad140}: Connection reset by peer> (0x0000000088aad140) 
thrown [s\open\src\hotspot\share\prims\jni.cpp, line 539]
Event: 9207.678 Thread 0x000001b348dee110 Exception <a 'java/lang/NullPointerException'{0x0000000088ab06f8}> (0x0000000088ab06f8) 
thrown [s\open\src\hotspot\share\runtime\sharedRuntime.cpp, line 1207]
Event: 9216.029 Thread 0x000001b348dee110 Exception <a 'sun/net/ConnectionResetException'{0x0000000088914d78}: Connection reset> (0x0000000088914d78) 
thrown [s\open\src\hotspot\share\prims\jni.cpp, line 539]
Event: 9216.029 Thread 0x000001b348dee110 Exception <a 'java/io/IOException'{0x00000000889163b0}: Connection reset by peer> (0x00000000889163b0) 
thrown [s\open\src\hotspot\share\prims\jni.cpp, line 539]
Event: 9216.030 Thread 0x000001b348dee110 Exception <a 'java/lang/NullPointerException'{0x0000000088919730}> (0x0000000088919730) 
thrown [s\open\src\hotspot\share\runtime\sharedRuntime.cpp, line 1207]
Event: 9247.555 Thread 0x000001b348dee110 Exception <a 'sun/net/ConnectionResetException'{0x000000008891cad0}: Connection reset> (0x000000008891cad0) 
thrown [s\open\src\hotspot\share\prims\jni.cpp, line 539]
Event: 9247.555 Thread 0x000001b348dee110 Exception <a 'java/io/IOException'{0x00000000888395f8}: Connection reset by peer> (0x00000000888395f8) 
thrown [s\open\src\hotspot\share\prims\jni.cpp, line 539]
Event: 9247.556 Thread 0x000001b348dee110 Exception <a 'java/lang/NullPointerException'{0x000000008883cbb8}> (0x000000008883cbb8) 
thrown [s\open\src\hotspot\share\runtime\sharedRuntime.cpp, line 1207]
Event: 9266.335 Thread 0x000001b348dee110 Exception <a 'sun/net/ConnectionResetException'{0x000000008883fcf0}: Connection reset> (0x000000008883fcf0) 
thrown [s\open\src\hotspot\share\prims\jni.cpp, line 539]
Event: 9266.336 Thread 0x000001b348dee110 Exception <a 'java/io/IOException'{0x0000000088738a30}: Connection reset by peer> (0x0000000088738a30) 
thrown [s\open\src\hotspot\share\prims\jni.cpp, line 539]
Event: 9266.337 Thread 0x000001b348dee110 Exception <a 'java/lang/NullPointerException'{0x000000008873bff0}> (0x000000008873bff0) 
thrown [s\open\src\hotspot\share\runtime\sharedRuntime.cpp, line 1207]
Event: 9267.857 Thread 0x000001b348dee110 Exception <a 'sun/net/ConnectionResetException'{0x000000008873f0d8}: Connection reset> (0x000000008873f0d8) 
thrown [s\open\src\hotspot\share\prims\jni.cpp, line 539]
Event: 9267.857 Thread 0x000001b348dee110 Exception <a 'java/io/IOException'{0x00000000887ac338}: Connection reset by peer> (0x00000000887ac338) 
thrown [s\open\src\hotspot\share\prims\jni.cpp, line 539]
Event: 9267.857 Thread 0x000001b348dee110 Exception <a 'java/lang/NullPointerException'{0x00000000887af6b0}> (0x00000000887af6b0) 
thrown [s\open\src\hotspot\share\runtime\sharedRuntime.cpp, line 1207]
Event: 9307.401 Thread 0x000001b34665cf10 Exception <a 'java/lang/OutOfMemoryError'{0x00000000886c8758}: unable to create native thread: possibly out of memory or process/resource limits reached> (0x00000000886c8758) 
thrown [s\open\src\hotspot\share\prims\jvm.cpp, line 3032]

VM Operations (20 events):
Event: 3660.096 Executing VM operation: G1CollectForAllocation (G1 Evacuation Pause)
Event: 3660.320 Executing VM operation: G1CollectForAllocation (G1 Evacuation Pause) done
Event: 4488.746 Executing VM operation: G1CollectForAllocation (G1 Evacuation Pause)
Event: 4488.922 Executing VM operation: G1CollectForAllocation (G1 Evacuation Pause) done
Event: 4872.999 Executing VM operation: HandshakeAllThreads (Deoptimize)
Event: 4873.006 Executing VM operation: HandshakeAllThreads (Deoptimize) done
Event: 4873.019 Executing VM operation: HandshakeAllThreads (Deoptimize)
Event: 4873.019 Executing VM operation: HandshakeAllThreads (Deoptimize) done
Event: 5230.311 Executing VM operation: G1CollectForAllocation (G1 Evacuation Pause)
Event: 5230.407 Executing VM operation: G1CollectForAllocation (G1 Evacuation Pause) done
Event: 6098.599 Executing VM operation: G1CollectForAllocation (G1 Evacuation Pause)
Event: 6098.657 Executing VM operation: G1CollectForAllocation (G1 Evacuation Pause) done
Event: 6886.940 Executing VM operation: G1CollectForAllocation (G1 Evacuation Pause)
Event: 6886.975 Executing VM operation: G1CollectForAllocation (G1 Evacuation Pause) done
Event: 7748.048 Executing VM operation: G1CollectForAllocation (G1 Evacuation Pause)
Event: 7748.108 Executing VM operation: G1CollectForAllocation (G1 Evacuation Pause) done
Event: 8636.249 Executing VM operation: G1CollectForAllocation (G1 Evacuation Pause)
Event: 8636.300 Executing VM operation: G1CollectForAllocation (G1 Evacuation Pause) done
Event: 9308.072 Executing VM operation: HandshakeAllThreads (Deoptimize)
Event: 9308.076 Executing VM operation: HandshakeAllThreads (Deoptimize) done

Memory protections (0 events):
No events

Nmethod flushes (20 events):
Event: 2303.702 Thread 0x000001b37a1512a0 flushing  nmethod 0x000001b366a25608
Event: 2303.702 Thread 0x000001b37a1512a0 flushing  nmethod 0x000001b366a4b208
Event: 2303.702 Thread 0x000001b37a1512a0 flushing  nmethod 0x000001b366a4bc08
Event: 2303.702 Thread 0x000001b37a1512a0 flushing  nmethod 0x000001b366a4dd08
Event: 2303.702 Thread 0x000001b37a1512a0 flushing  nmethod 0x000001b366a4e688
Event: 2303.702 Thread 0x000001b37a1512a0 flushing  nmethod 0x000001b366a4ee88
Event: 2303.702 Thread 0x000001b37a1512a0 flushing  nmethod 0x000001b366a4f908
Event: 2303.702 Thread 0x000001b37a1512a0 flushing  nmethod 0x000001b366a65b88
Event: 2303.702 Thread 0x000001b37a1512a0 flushing  nmethod 0x000001b366a65e88
Event: 2303.702 Thread 0x000001b37a1512a0 flushing  nmethod 0x000001b366a6ce88
Event: 2303.702 Thread 0x000001b37a1512a0 flushing  nmethod 0x000001b366a6e708
Event: 2303.702 Thread 0x000001b37a1512a0 flushing  nmethod 0x000001b366adce88
Event: 2303.702 Thread 0x000001b37a1512a0 flushing  nmethod 0x000001b366add188
Event: 2303.702 Thread 0x000001b37a1512a0 flushing  nmethod 0x000001b366add908
Event: 2303.702 Thread 0x000001b37a1512a0 flushing  nmethod 0x000001b366ae8c08
Event: 2303.703 Thread 0x000001b37a1512a0 flushing  nmethod 0x000001b366b17408
Event: 2303.703 Thread 0x000001b37a1512a0 flushing  nmethod 0x000001b366b18088
Event: 2303.703 Thread 0x000001b37a1512a0 flushing  nmethod 0x000001b366b2a688
Event: 2303.703 Thread 0x000001b37a1512a0 flushing  nmethod 0x000001b366c7e508
Event: 2303.703 Thread 0x000001b37a1512a0 flushing  nmethod 0x000001b366d25308

Events (20 events):
Event: 9188.358 Thread 0x000001b348dee7a0 Thread exited: 0x000001b348dee7a0
Event: 9188.771 Thread 0x000001b348dee110 Thread added: 0x000001b348dee7a0
Event: 9196.289 Thread 0x000001b348dee7a0 Thread exited: 0x000001b348dee7a0
Event: 9197.181 Thread 0x000001b348deb320 Thread exited: 0x000001b348deb320
Event: 9203.552 Thread 0x000001b348dee110 Thread added: 0x000001b348dee7a0
Event: 9203.554 Thread 0x000001b348dee7a0 Thread added: 0x000001b348deb320
Event: 9212.692 Thread 0x000001b348dee7a0 Thread exited: 0x000001b348dee7a0
Event: 9213.270 Thread 0x000001b348deb320 Thread exited: 0x000001b348deb320
Event: 9216.032 Thread 0x000001b348dee110 Thread added: 0x000001b348dee7a0
Event: 9216.033 Thread 0x000001b348dee7a0 Thread added: 0x000001b348deb320
Event: 9221.040 Thread 0x000001b348dee7a0 Thread exited: 0x000001b348dee7a0
Event: 9221.619 Thread 0x000001b348deb320 Thread exited: 0x000001b348deb320
Event: 9247.557 Thread 0x000001b348dee110 Thread added: 0x000001b348dee7a0
Event: 9247.559 Thread 0x000001b348dee7a0 Thread added: 0x000001b348deb320
Event: 9252.560 Thread 0x000001b348dee7a0 Thread exited: 0x000001b348dee7a0
Event: 9253.108 Thread 0x000001b348deb320 Thread exited: 0x000001b348deb320
Event: 9266.337 Thread 0x000001b348dee110 Thread added: 0x000001b348dee7a0
Event: 9266.341 Thread 0x000001b348dee7a0 Thread added: 0x000001b348deb320
Event: 9272.861 Thread 0x000001b348dee7a0 Thread exited: 0x000001b348dee7a0
Event: 9273.505 Thread 0x000001b348deb320 Thread exited: 0x000001b348deb320


Dynamic libraries:
0x00007ff6c24c0000 - 0x00007ff6c24d0000 	C:\Program Files\Java\jdk-23\bin\java.exe
0x00007ffed1d60000 - 0x00007ffed1fc8000 	C:\WINDOWS\SYSTEM32\ntdll.dll
0x00007ffed0fc0000 - 0x00007ffed1089000 	C:\WINDOWS\System32\KERNEL32.DLL
0x00007ffecf520000 - 0x00007ffecf90d000 	C:\WINDOWS\System32\KERNELBASE.dll
0x00007ffecf3d0000 - 0x00007ffecf51b000 	C:\WINDOWS\System32\ucrtbase.dll
0x00007ffe73bb0000 - 0x00007ffe73bcb000 	C:\Program Files\Java\jdk-23\bin\VCRUNTIME140.dll
0x00007ffe73250000 - 0x00007ffe73267000 	C:\Program Files\Java\jdk-23\bin\jli.dll
0x00007ffecfd50000 - 0x00007ffecff1c000 	C:\WINDOWS\System32\USER32.dll
0x00007ffecf300000 - 0x00007ffecf327000 	C:\WINDOWS\System32\win32u.dll
0x00007ffeb1430000 - 0x00007ffeb16ca000 	C:\WINDOWS\WinSxS\amd64_microsoft.windows.common-controls_6595b64144ccf1df_6.0.26100.4484_none_3e0e6d4ce32ef3b3\COMCTL32.dll
0x00007ffecffb0000 - 0x00007ffecffdb000 	C:\WINDOWS\System32\GDI32.dll
0x00007ffecf910000 - 0x00007ffecfa47000 	C:\WINDOWS\System32\gdi32full.dll
0x00007ffed0740000 - 0x00007ffed07e9000 	C:\WINDOWS\System32\msvcrt.dll
0x00007ffecfa50000 - 0x00007ffecfaf3000 	C:\WINDOWS\System32\msvcp_win.dll
0x00007ffed18a0000 - 0x00007ffed18cf000 	C:\WINDOWS\System32\IMM32.DLL
0x00007ffe9af60000 - 0x00007ffe9af6c000 	C:\Program Files\Java\jdk-23\bin\vcruntime140_1.dll
0x00007ffe6f830000 - 0x00007ffe6f8be000 	C:\Program Files\Java\jdk-23\bin\msvcp140.dll
0x00007ffe24fc0000 - 0x00007ffe25d0f000 	C:\Program Files\Java\jdk-23\bin\server\jvm.dll
0x00007ffed1110000 - 0x00007ffed11c4000 	C:\WINDOWS\System32\ADVAPI32.dll
0x00007ffed1680000 - 0x00007ffed1726000 	C:\WINDOWS\System32\sechost.dll
0x00007ffed1be0000 - 0x00007ffed1cf8000 	C:\WINDOWS\System32\RPCRT4.dll
0x00007ffed1ab0000 - 0x00007ffed1b24000 	C:\WINDOWS\System32\WS2_32.dll
0x00007ffeced00000 - 0x00007ffeced5e000 	C:\WINDOWS\SYSTEM32\POWRPROF.dll
0x00007ffec2170000 - 0x00007ffec21a5000 	C:\WINDOWS\SYSTEM32\WINMM.dll
0x00007ffeb4d80000 - 0x00007ffeb4d8b000 	C:\WINDOWS\SYSTEM32\VERSION.dll
0x00007ffecece0000 - 0x00007ffececf4000 	C:\WINDOWS\SYSTEM32\UMPDC.dll
0x00007ffecdc50000 - 0x00007ffecdc6b000 	C:\WINDOWS\SYSTEM32\kernel.appcore.dll
0x00007ffe9ac90000 - 0x00007ffe9ac9a000 	C:\Program Files\Java\jdk-23\bin\jimage.dll
0x00007ffeccf80000 - 0x00007ffecd1c1000 	C:\WINDOWS\SYSTEM32\DBGHELP.DLL
0x00007ffed12f0000 - 0x00007ffed1676000 	C:\WINDOWS\System32\combase.dll
0x00007ffed1200000 - 0x00007ffed12e0000 	C:\WINDOWS\System32\OLEAUT32.dll
0x00007ffeace40000 - 0x00007ffeace83000 	C:\WINDOWS\SYSTEM32\dbgcore.DLL
0x00007ffecf330000 - 0x00007ffecf3c9000 	C:\WINDOWS\System32\bcryptPrimitives.dll
0x00007ffe9ab90000 - 0x00007ffe9ab9f000 	C:\Program Files\Java\jdk-23\bin\instrument.dll
0x00007ffe73230000 - 0x00007ffe7324e000 	C:\Program Files\Java\jdk-23\bin\java.dll
0x00007ffed0e10000 - 0x00007ffed0fae000 	C:\WINDOWS\System32\ole32.dll
0x00007ffecfff0000 - 0x00007ffed073a000 	C:\WINDOWS\System32\SHELL32.dll
0x00007ffecf180000 - 0x00007ffecf2f4000 	C:\WINDOWS\System32\wintypes.dll
0x00007ffecc720000 - 0x00007ffeccf7b000 	C:\WINDOWS\SYSTEM32\windows.storage.dll
0x00007ffed0d10000 - 0x00007ffed0e05000 	C:\WINDOWS\System32\SHCORE.dll
0x00007ffecfce0000 - 0x00007ffecfd4a000 	C:\WINDOWS\System32\shlwapi.dll
0x00007ffecedc0000 - 0x00007ffecedef000 	C:\WINDOWS\SYSTEM32\profapi.dll
0x00007ffe6b1f0000 - 0x00007ffe6b2c7000 	C:\Program Files\Java\jdk-23\bin\jsvml.dll
0x00007ffe73210000 - 0x00007ffe73227000 	C:\Program Files\Java\jdk-23\bin\zip.dll
0x00007ffe95a80000 - 0x00007ffe95a90000 	C:\Program Files\Java\jdk-23\bin\net.dll
0x00007ffece1e0000 - 0x00007ffece24a000 	C:\WINDOWS\system32\mswsock.dll
0x00007ffe72fb0000 - 0x00007ffe72fc6000 	C:\Program Files\Java\jdk-23\bin\nio.dll
0x00007ffe72f90000 - 0x00007ffe72faa000 	C:\Program Files\JetBrains\IntelliJ IDEA 2024.3.1\bin\breakgen64.dll
0x00007ffe959f0000 - 0x00007ffe959f9000 	C:\Program Files\Java\jdk-23\bin\extnet.dll
0x00007ffecd710000 - 0x00007ffecd836000 	C:\WINDOWS\SYSTEM32\DNSAPI.dll
0x00007ffecd680000 - 0x00007ffecd6b3000 	C:\WINDOWS\SYSTEM32\IPHLPAPI.DLL
0x00007ffed19a0000 - 0x00007ffed19aa000 	C:\WINDOWS\System32\NSI.dll
0x000000005f450000 - 0x000000005f476000 	C:\Program Files\Bonjour\mdnsNSP.dll
0x00007ffec1740000 - 0x00007ffec174b000 	C:\Windows\System32\rasadhlp.dll
0x00007ffec57b0000 - 0x00007ffec5836000 	C:\WINDOWS\System32\fwpuclnt.dll
0x00007ffe90bc0000 - 0x00007ffe90bca000 	C:\Program Files\Java\jdk-23\bin\management.dll
0x00007ffe90320000 - 0x00007ffe9032b000 	C:\Program Files\Java\jdk-23\bin\management_ext.dll
0x00007ffecffe0000 - 0x00007ffecffe8000 	C:\WINDOWS\System32\PSAPI.DLL
0x00007ffece490000 - 0x00007ffece4ab000 	C:\WINDOWS\SYSTEM32\CRYPTSP.dll
0x00007ffecdbb0000 - 0x00007ffecdbeb000 	C:\WINDOWS\system32\rsaenh.dll
0x00007ffece280000 - 0x00007ffece2ab000 	C:\WINDOWS\SYSTEM32\USERENV.dll
0x00007ffeced90000 - 0x00007ffecedb6000 	C:\WINDOWS\SYSTEM32\bcrypt.dll
0x00007ffece4b0000 - 0x00007ffece4bc000 	C:\WINDOWS\SYSTEM32\CRYPTBASE.dll
0x00007ffea8c00000 - 0x00007ffea8c18000 	C:\WINDOWS\system32\napinsp.dll
0x00007ffea8be0000 - 0x00007ffea8bf2000 	C:\WINDOWS\System32\winrnr.dll
0x00007ffea8930000 - 0x00007ffea8960000 	C:\WINDOWS\system32\nlansp_c.dll
0x00007ffebcb90000 - 0x00007ffebcbb0000 	C:\WINDOWS\system32\wshbth.dll
0x00007ffeb3dd0000 - 0x00007ffeb3e1e000 	C:\WINDOWS\SYSTEM32\pdh.dll
0x00007ffe9eb10000 - 0x00007ffe9eb22000 	C:\WINDOWS\System32\perfproc.dll
0x00007ffe8f690000 - 0x00007ffe8f69e000 	C:\Program Files\Java\jdk-23\bin\sunmscapi.dll
0x00007ffeceeb0000 - 0x00007ffecf027000 	C:\WINDOWS\System32\CRYPT32.dll
0x00007ffece6b0000 - 0x00007ffece6e0000 	C:\WINDOWS\SYSTEM32\ncrypt.dll
0x00007ffece660000 - 0x00007ffece69f000 	C:\WINDOWS\SYSTEM32\NTASN1.dll
0x00007ffe8f520000 - 0x00007ffe8f530000 	C:\Program Files\Java\jdk-23\bin\verify.dll
0x00007ffe97870000 - 0x00007ffe97878000 	C:\WINDOWS\system32\wshunix.dll

dbghelp: loaded successfully - version: 4.0.5 - missing functions: none
symbol engine: initialized successfully - sym options: 0x614 - pdb path: .;C:\Program Files\Java\jdk-23\bin;C:\WINDOWS\SYSTEM32;C:\WINDOWS\WinSxS\amd64_microsoft.windows.common-controls_6595b64144ccf1df_6.0.26100.4484_none_3e0e6d4ce32ef3b3;C:\Program Files\Java\jdk-23\bin\server;C:\Program Files\JetBrains\IntelliJ IDEA 2024.3.1\bin;C:\Program Files\Bonjour

VM Arguments:
jvm_args: -javaagent:C:\Program Files\JetBrains\IntelliJ IDEA 2024.3.1\lib\idea_rt.jar=49174:C:\Program Files\JetBrains\IntelliJ IDEA 2024.3.1\bin -Dfile.encoding=UTF-8 -Dsun.stdout.encoding=UTF-8 -Dsun.stderr.encoding=UTF-8 
java_command: com.Backend.MediXBackend.MediXBackendApplication
java_class_path (initial): E:\Study\4th Sem\SPL\MediX\MediXBackend\target\classes;C:\Users\nuren\.m2\repository\org\springframework\boot\spring-boot-starter-data-jpa\3.5.0\spring-boot-starter-data-jpa-3.5.0.jar;C:\Users\nuren\.m2\repository\org\springframework\boot\spring-boot-starter\3.5.0\spring-boot-starter-3.5.0.jar;C:\Users\nuren\.m2\repository\org\springframework\boot\spring-boot\3.5.0\spring-boot-3.5.0.jar;C:\Users\nuren\.m2\repository\org\springframework\boot\spring-boot-autoconfigure\3.5.0\spring-boot-autoconfigure-3.5.0.jar;C:\Users\nuren\.m2\repository\org\springframework\boot\spring-boot-starter-logging\3.5.0\spring-boot-starter-logging-3.5.0.jar;C:\Users\nuren\.m2\repository\ch\qos\logback\logback-classic\1.5.18\logback-classic-1.5.18.jar;C:\Users\nuren\.m2\repository\ch\qos\logback\logback-core\1.5.18\logback-core-1.5.18.jar;C:\Users\nuren\.m2\repository\org\apache\logging\log4j\log4j-to-slf4j\2.24.3\log4j-to-slf4j-2.24.3.jar;C:\Users\nuren\.m2\repository\org\apache\logging\log4j\log4j-api\2.24.3\log4j-api-2.24.3.jar;C:\Users\nuren\.m2\repository\org\slf4j\jul-to-slf4j\2.0.17\jul-to-slf4j-2.0.17.jar;C:\Users\nuren\.m2\repository\jakarta\annotation\jakarta.annotation-api\2.1.1\jakarta.annotation-api-2.1.1.jar;C:\Users\nuren\.m2\repository\org\yaml\snakeyaml\2.4\snakeyaml-2.4.jar;C:\Users\nuren\.m2\repository\org\springframework\boot\spring-boot-starter-jdbc\3.5.0\spring-boot-starter-jdbc-3.5.0.jar;C:\Users\nuren\.m2\repository\com\zaxxer\HikariCP\6.3.0\HikariCP-6.3.0.jar;C:\Users\nuren\.m2\repository\org\springframework\spring-jdbc\6.2.7\spring-jdbc-6.2.7.jar;C:\Users\nuren\.m2\repository\org\hibernate\orm\hibernate-core\6.6.15.Final\hibernate-core-6.6.15.Final.jar;C:\Users\nuren\.m2\repository\jakarta\persistence\jakarta.persistence-api\3.1.0\jakarta.persistence-api-3.1.0.jar;C:\Users\nuren\.m2\repository\jakarta\transaction\jakarta.transaction-api\2.0.1\jakarta.transaction-api-2.0.1.jar;C:\Users\nuren\.m2\repository\org\jboss\logging\jboss-logging\3.6.1.Final\jboss-logging-3.6.1.Final.jar;C:\Users\nuren\.m2\repository\org\hibernate\common\hibernate-commons-annotations\7.0.3.Final\hibernate-commons-annotations-7.0.3.Final.jar;C:\Users\nuren\.m2\repository\io\smallrye\jandex\3.2.0\jandex-3.2.0.jar;C:\Users\nuren\.m2\repository\com\fasterxml\classmate\1.7.0\classmate-1.7.0.jar;C:\Users\nuren\.m2\repository\net\bytebuddy\byte-buddy\1.17.5\byte-buddy-1.17.5.jar;C:\Users\nuren\.m2\repository\org\glassfish\jaxb\jaxb-runtime\4.0.5\jaxb-runtime-4.0.5.jar;C:\Users\nuren\.m2\repository\org\glassfish\jaxb\jaxb-core\4.0.5\jaxb-core-4.0.5.jar;C:\Users\nuren\.m2\repository\org\eclipse\angus\angus-activation\2.0.2\angus-activation-2.0.2.jar;C:\Users\nuren\.m2\repository\org\glassfish\jaxb\txw2\4.0.5\txw2-4.0.5.jar;C:\Users\nuren\.m2\repository\com\sun\istack\istack-commons-runtime\4.1.2\istack-commons-runtime-4.1.2.jar;C:\Users\nuren\.m2\repository\jakarta\inject\jakarta.inject-api\2.0.1\jakarta.inject-api-2.0.1.jar;C:\Users\nuren\.m2\repository\org\antlr\antlr4-runtime\4.13.0\antlr4-runtime-4.13.0.jar;C:\Users\nuren\.m2\repository\org\springframework\data\spring-data-jpa\3.5.0\spring-data-jpa-3.5.0.jar;C:\Users\nuren\.m2\repository\org\springframework\data\spring-data-commons\3.5.0\spring-data-commons-3.5.0.jar;C:\Users\nuren\.m2\repository\org\springframework\spring-orm\6.2.7\spring-orm-6.2.7.jar;C:\Users\nuren\.m2\repository\org\springframework\spring-context\6.2.7\spring-context-6.2.7.jar;C:\Users\nuren\.m2\repository\org\springframework\spring-aop\6.2.7\spring-aop-6.2.7.jar;C:\Users\nuren\.m2\repository\org\springframework\spring-tx\6.2.7\spring-tx-6.2.7.jar;C:\Users\nuren\.m2\repository\org\springframework\spring-beans\6.2.7\spring-beans-6.2.7.jar;C:\Users\nuren\.m2\repository\org\slf4j\slf4j-api\2.0.17\slf4j-api-2.0.17.jar;C:\Users\nuren\.m2\repository\org\springframework\spring-aspects\6.2.7\spring-aspects-6.2.7.jar;C:\Users\nuren\.m2\repository\org\aspectj\aspectjweaver\1.9.24\aspectjweaver-1.9.24.jar;C:\Users\nuren\.m2\repository\org\springframework\boot\spring-boot-starter-web\3.5.0\spring-boot-starter-web-3.5.0.jar;C:\Users\nuren\.m2\repository\org\springframework\boot\spring-boot-starter-json\3.5.0\spring-boot-starter-json-3.5.0.jar;C:\Users\nuren\.m2\repository\com\fasterxml\jackson\core\jackson-databind\2.19.0\jackson-databind-2.19.0.jar;C:\Users\nuren\.m2\repository\com\fasterxml\jackson\core\jackson-annotations\2.19.0\jackson-annotations-2.19.0.jar;C:\Users\nuren\.m2\repository\com\fasterxml\jackson\core\jackson-core\2.19.0\jackson-core-2.19.0.jar;C:\Users\nuren\.m2\repository\com\fasterxml\jackson\datatype\jackson-datatype-jdk8\2.19.0\jackson-datatype-jdk8-2.19.0.jar;C:\Users\nuren\.m2\repository\com\fasterxml\jackson\datatype\jackson-datatype-jsr310\2.19.0\jackson-datatype-jsr310-2.19.0.jar;C:\Users\nuren\.m2\repository\com\fasterxml\jackson\module\jackson-module-parameter-names\2.19.0\jackson-module-parameter-names-2.19.0.jar;C:\Users\nuren\.m2\repository\org\springframework\boot\spring-boot-starter-tomcat\3.5.0\spring-boot-starter-tomcat-3.5.0.jar;C:\Users\nuren\.m2\repository\org\apache\tomcat\embed\tomcat-embed-core\10.1.41\tomcat-embed-core-10.1.41.jar;C:\Users\nuren\.m2\repository\org\apache\tomcat\embed\tomcat-embed-el\10.1.41\tomcat-embed-el-10.1.41.jar;C:\Users\nuren\.m2\repository\org\apache\tomcat\embed\tomcat-embed-websocket\10.1.41\tomcat-embed-websocket-10.1.41.jar;C:\Users\nuren\.m2\repository\org\springframework\spring-web\6.2.7\spring-web-6.2.7.jar;C:\Users\nuren\.m2\repository\io\micrometer\micrometer-observation\1.15.0\micrometer-observation-1.15.0.jar;C:\Users\nuren\.m2\repository\io\micrometer\micrometer-commons\1.15.0\micrometer-commons-1.15.0.jar;C:\Users\nuren\.m2\repository\org\springframework\spring-webmvc\6.2.7\spring-webmvc-6.2.7.jar;C:\Users\nuren\.m2\repository\org\springframework\spring-expression\6.2.7\spring-expression-6.2.7.jar;C:\Users\nuren\.m2\repository\com\mysql\mysql-connector-j\9.2.0\mysql-connector-j-9.2.0.jar;C:\Users\nuren\.m2\repository\jakarta\xml\bind\jakarta.xml.bind-api\4.0.2\jakarta.xml.bind-api-4.0.2.jar;C:\Users\nuren\.m2\repository\jakarta\activation\jakarta.activation-api\2.1.3\jakarta.activation-api-2.1.3.jar;C:\Users\nuren\.m2\repository\org\springframework\spring-core\6.2.7\spring-core-6.2.7.jar;C:\Users\nuren\.m2\repository\org\springframework\spring-jcl\6.2.7\spring-jcl-6.2.7.jar
Launcher Type: SUN_STANDARD

[Global flags]
     intx CICompilerCount                          = 4                                         {product} {ergonomic}
     uint ConcGCThreads                            = 3                                         {product} {ergonomic}
     uint G1ConcRefinementThreads                  = 10                                        {product} {ergonomic}
   size_t G1HeapRegionSize                         = 1048576                                   {product} {ergonomic}
   size_t InitialHeapSize                          = 130023424                                 {product} {ergonomic}
   size_t MarkStackSize                            = 4194304                                   {product} {ergonomic}
   size_t MarkStackSizeMax                         = 536870912                                 {product} {ergonomic}
   size_t MaxHeapSize                              = 2051014656                                {product} {ergonomic}
   size_t MaxNewSize                               = 1229979648                                {product} {ergonomic}
   size_t MinHeapDeltaBytes                        = 1048576                                   {product} {ergonomic}
   size_t MinHeapSize                              = 8388608                                   {product} {ergonomic}
    uintx NonNMethodCodeHeapSize                   = 5832704                                {pd product} {ergonomic}
    uintx NonProfiledCodeHeapSize                  = 122945536                              {pd product} {ergonomic}
    uintx ProfiledCodeHeapSize                     = 122880000                              {pd product} {ergonomic}
    uintx ReservedCodeCacheSize                    = 251658240                              {pd product} {ergonomic}
     bool SegmentedCodeCache                       = true                                      {product} {ergonomic}
   size_t SoftMaxHeapSize                          = 2051014656                             {manageable} {ergonomic}
     bool UseCompressedOops                        = true                           {product lp64_product} {ergonomic}
     bool UseG1GC                                  = true                                      {product} {ergonomic}
     bool UseLargePagesIndividualAllocation        = false                                  {pd product} {ergonomic}

Logging:
Log output configuration:
 #0: stdout all=warning uptime,level,tags foldmultilines=false
 #1: stderr all=off uptime,level,tags foldmultilines=false

Environment Variables:
PATH=E:\Downloads\WINDOWS.X64_193000_db_home\bin;C:\WINDOWS\system32;C:\WINDOWS;C:\WINDOWS\System32\Wbem;C:\WINDOWS\System32\WindowsPowerShell\v1.0\;C:\WINDOWS\System32\OpenSSH\;C:\Program Files\Git\cmd;C:\Users\nuren\AppData\Local\Programs\Microsoft VS Code\;C:\MinGW\bin;C:\Program Files\MySQL\MySQL Server 8.0\bin;C:\Program Files\Java\jdk-23\bin;C:\Program Files\nodejs\;C:\Program Files\nodejs;C:\Program Files\Go\bin;C:\Program Files\Cloudflare\Cloudflare WARP\;C:\Program Files\heroku\bin;C:\Users\nuren\AppData\Local\Programs\Python\Python311\Scripts\;C:\Users\nuren\AppData\Local\Programs\Python\Python311\;c:\Users\nuren\AppData\Local\Programs\Trae\bin;C:\Users\nuren\AppData\Local\Programs\Python\Launcher\;C:\Program Files\MySQL\MySQL Shell 8.0\bin\;C:\Users\nuren\AppData\Local\Microsoft\WindowsApps;C:\Users\nuren\AppData\Local\Programs\Microsoft VS Code\bin;C:\Users\nuren\AppData\Local\GitHubDesktop\bin;C:\Users\nuren\AppData\Roaming\npm;C:\Users\nuren\go\bin;C:\MongoShell\;C:\Users\nuren\AppData\Local\Programs\cursor\resources\app\bin;
USERNAME=nuren
OS=Windows_NT
PROCESSOR_IDENTIFIER=Intel64 Family 6 Model 186 Stepping 3, GenuineIntel
TMP=C:\Users\nuren\AppData\Local\Temp
TEMP=C:\Users\nuren\AppData\Local\Temp




Periodic native trim disabled

---------------  S Y S T E M  ---------------

OS:
 Windows 11 , 64 bit Build 26100 (10.0.26100.4484)
OS uptime: 2 days 7:59 hours

CPU: total 12 (initial active 12) (6 cores per cpu, 2 threads per core) family 6 model 186 stepping 3 microcode 0x410e, cx8, cmov, fxsr, ht, mmx, 3dnowpref, sse, sse2, sse3, ssse3, sse4.1, sse4.2, popcnt, lzcnt, tsc, tscinvbit, avx, avx2, aes, erms, clmul, bmi1, bmi2, adx, sha, fma, vzeroupper, clflush, clflushopt, clwb, serialize, rdtscp, rdpid, fsrm, gfni, f16c, pku, cet_ibt, cet_ss
Processor Information for processor 0
  Max Mhz: 1300, Current Mhz: 1300, Mhz Limit: 1300
Processor Information for processor 1
  Max Mhz: 1300, Current Mhz: 1300, Mhz Limit: 1300
Processor Information for processor 2
  Max Mhz: 1300, Current Mhz: 1300, Mhz Limit: 1300
Processor Information for processor 3
  Max Mhz: 1300, Current Mhz: 1300, Mhz Limit: 1300
Processor Information for processor 4
  Max Mhz: 1300, Current Mhz: 900, Mhz Limit: 897
Processor Information for processor 5
  Max Mhz: 1300, Current Mhz: 900, Mhz Limit: 897
Processor Information for processor 6
  Max Mhz: 1300, Current Mhz: 900, Mhz Limit: 897
Processor Information for processor 7
  Max Mhz: 1300, Current Mhz: 900, Mhz Limit: 897
Processor Information for processor 8
  Max Mhz: 1300, Current Mhz: 900, Mhz Limit: 897
Processor Information for processor 9
  Max Mhz: 1300, Current Mhz: 900, Mhz Limit: 897
Processor Information for processor 10
  Max Mhz: 1300, Current Mhz: 900, Mhz Limit: 897
Processor Information for processor 11
  Max Mhz: 1300, Current Mhz: 900, Mhz Limit: 897

Memory: 4k page, system-wide physical 7817M (413M free)
TotalPageFile size 30190M (AvailPageFile size 0M)
current process WorkingSet (physical memory assigned to process): 49M, peak: 306M
current process commit charge ("private bytes"): 353M, peak: 367M

vm_info: Java HotSpot(TM) 64-Bit Server VM (23.0.1+11-39) for windows-amd64 JRE (23.0.1+11-39), built on 2024-09-30T07:20:43Z with MS VC++ 17.6 (VS2022)

END.
